Using pre-set license
Built from '2020.3/release' branch; Version is '2020.3.1f1 (77a89f25062f) revision 7841951'; Using compiler version '192528614'; Build Type 'Release'
OS: 'Windows 10 Home; OS build 18363.1500; Version 1909; 64bit' Language: 'it' Physical Memory: 12174 MB
BatchMode: 1, IsHumanControllingUs: 0, StartBugReporterOnCrash: 0, Is64bit: 1, IsPro: 0

 COMMAND LINE ARGUMENTS:
C:\Program Files\Unity\Hub\Editor\2020.3.1f1\Editor\Unity.exe
-adb2
-batchMode
-noUpm
-name
AssetImportWorker0
-projectPath
C:/Users/Tiziana/Documents/GitHub/Progetto_Virtual_Reality/Progetto_VR
-logFile
Logs/AssetImportWorker0.log
-srvPort
50413
Successfully changed project path to: C:/Users/Tiziana/Documents/GitHub/Progetto_Virtual_Reality/Progetto_VR
C:/Users/Tiziana/Documents/GitHub/Progetto_Virtual_Reality/Progetto_VR
Using Asset Import Pipeline V2.
Refreshing native plugins compatible for Editor in 44.86 ms, found 0 plugins.
Preloading 0 native plugins for Editor in 0.00 ms.
Initialize engine version: 2020.3.1f1 (77a89f25062f)
[Subsystems] Discovering subsystems at path C:/Program Files/Unity/Hub/Editor/2020.3.1f1/Editor/Data/Resources/UnitySubsystems
[Subsystems] Discovering subsystems at path C:/Users/Tiziana/Documents/GitHub/Progetto_Virtual_Reality/Progetto_VR/Assets
GfxDevice: creating device client; threaded=0
Direct3D:
    Version:  Direct3D 11.0 [level 11.0]
    Renderer: NVIDIA GeForce 940MX (ID=0x134d)
    Vendor:   
    VRAM:     2010 MB
    Driver:   27.21.14.5167
Initialize mono
Mono path[0] = 'C:/Program Files/Unity/Hub/Editor/2020.3.1f1/Editor/Data/Managed'
Mono path[1] = 'C:/Program Files/Unity/Hub/Editor/2020.3.1f1/Editor/Data/MonoBleedingEdge/lib/mono/unityjit'
Mono config path = 'C:/Program Files/Unity/Hub/Editor/2020.3.1f1/Editor/Data/MonoBleedingEdge/etc'
Using monoOptions --debugger-agent=transport=dt_socket,embedding=1,server=y,suspend=n,address=127.0.0.1:56088
Begin MonoManager ReloadAssembly
Registering precompiled unity dll's ...
Register platform support module: C:/Program Files/Unity/Hub/Editor/2020.3.1f1/Editor/Data/PlaybackEngines/WindowsStandaloneSupport/UnityEditor.WindowsStandalone.Extensions.dll
Registered in 0.001808 seconds.
Native extension for WindowsStandalone target not found
Refreshing native plugins compatible for Editor in 42.09 ms, found 0 plugins.
Preloading 0 native plugins for Editor in 0.00 ms.
Invoked RoslynAnalysisRunner static constructor.
RoslynAnalysisRunner will not be running.
RoslynAnalysisRunner has terminated.
Mono: successfully reloaded assembly
- Completed reload, in  1.159 seconds
Platform modules already initialized, skipping
Registering precompiled user dll's ...
Registered in 0.001336 seconds.
Begin MonoManager ReloadAssembly
Native extension for WindowsStandalone target not found
Refreshing native plugins compatible for Editor in 0.52 ms, found 0 plugins.
Preloading 0 native plugins for Editor in 0.00 ms.
Invoked RoslynAnalysisRunner static constructor.
RoslynAnalysisRunner will not be running.
RoslynAnalysisRunner has terminated.
Mono: successfully reloaded assembly
- Completed reload, in  1.012 seconds
Platform modules already initialized, skipping
========================================================================
Worker process is ready to serve import requests
Launched and connected shader compiler UnityShaderCompiler.exe after 0.05 seconds
Refreshing native plugins compatible for Editor in 0.37 ms, found 0 plugins.
Preloading 0 native plugins for Editor in 0.00 ms.
Unloading 1592 Unused Serialized files (Serialized files now loaded: 0)
System memory in use before: 78.1 MB.
System memory in use after: 78.2 MB.

Unloading 76 unused Assets to reduce memory usage. Loaded Objects now: 2035.
Total: 2.614900 ms (FindLiveObjects: 0.230000 ms CreateObjectMapping: 0.097700 ms MarkObjects: 1.958100 ms  DeleteObjects: 0.327700 ms)

========================================================================
Received Import Request.
  path: Assets/AssetStoreOriginals/_SNAPS_PrototypingAssets/SciFi_Industrial/Prefabs/Structure/Walls/Meshes/Quart_Wall_Joint_02_Collider.asset
  artifactKey: Guid(624053aefbbb5854fac3f5debbee8d8c) Importer(815301076,1909f56bfc062723c751e8b465ee728b)
Start importing Assets/AssetStoreOriginals/_SNAPS_PrototypingAssets/SciFi_Industrial/Prefabs/Structure/Walls/Meshes/Quart_Wall_Joint_02_Collider.asset using Guid(624053aefbbb5854fac3f5debbee8d8c) Importer(815301076,1909f56bfc062723c751e8b465ee728b)  -> (artifact id: '9e9a819dca31b1b675984df325b799a4') in 0.138121 seconds
  Import took 0.140800 seconds .

========================================================================
Received Import Request.
  Time since last request: 0.000274 seconds.
  path: Assets/AssetStoreOriginals/_SNAPS_PrototypingAssets/SciFi_Industrial/Prefabs/Structure/Walls/Meshes/Deck_WallWindowFrame_01_snaps002.asset
  artifactKey: Guid(e72e2b536574b914c887421d4bdce853) Importer(815301076,1909f56bfc062723c751e8b465ee728b)
Start importing Assets/AssetStoreOriginals/_SNAPS_PrototypingAssets/SciFi_Industrial/Prefabs/Structure/Walls/Meshes/Deck_WallWindowFrame_01_snaps002.asset using Guid(e72e2b536574b914c887421d4bdce853) Importer(815301076,1909f56bfc062723c751e8b465ee728b)  -> (artifact id: 'd327e449a0c99d9ac70f3c13dbe5ac8e') in 0.025229 seconds
  Import took 0.028687 seconds .

========================================================================
Received Import Request.
  Time since last request: 0.000344 seconds.
  path: Assets/AssetStoreOriginals/_SNAPS_PrototypingAssets/SciFi_Industrial/Prefabs/Structure/Walls/Meshes/Deck_Wall_Top_snaps002.asset
  artifactKey: Guid(8ad62618ad930d546be9f56862dcbb3c) Importer(815301076,1909f56bfc062723c751e8b465ee728b)
Start importing Assets/AssetStoreOriginals/_SNAPS_PrototypingAssets/SciFi_Industrial/Prefabs/Structure/Walls/Meshes/Deck_Wall_Top_snaps002.asset using Guid(8ad62618ad930d546be9f56862dcbb3c) Importer(815301076,1909f56bfc062723c751e8b465ee728b)  -> (artifact id: 'd082a2d9299590c2fd204df7a6f7ae06') in 0.036238 seconds
  Import took 0.040045 seconds .

========================================================================
Received Import Request.
  Time since last request: 0.000257 seconds.
  path: Assets/AssetStoreOriginals/_SNAPS_PrototypingAssets/SciFi_Industrial/Prefabs/Structure/Walls/Meshes/Gen_Wall_Joint_snaps002.asset
  artifactKey: Guid(634495ba508706f4fab4ddcffc8347b2) Importer(815301076,1909f56bfc062723c751e8b465ee728b)
Start importing Assets/AssetStoreOriginals/_SNAPS_PrototypingAssets/SciFi_Industrial/Prefabs/Structure/Walls/Meshes/Gen_Wall_Joint_snaps002.asset using Guid(634495ba508706f4fab4ddcffc8347b2) Importer(815301076,1909f56bfc062723c751e8b465ee728b)  -> (artifact id: 'b6a315021ed8b9d317bb3c81db5f134e') in 0.032119 seconds
  Import took 0.035812 seconds .

========================================================================
Received Import Request.
  Time since last request: 0.000395 seconds.
  path: Assets/AssetStoreOriginals/_SNAPS_PrototypingAssets/SciFi_Industrial/Prefabs/Structure/Walls/Meshes/Hale_Wall_01_Corner_snaps002.asset
  artifactKey: Guid(98cb75f592c120a418554681a9667ba6) Importer(815301076,1909f56bfc062723c751e8b465ee728b)
Start importing Assets/AssetStoreOriginals/_SNAPS_PrototypingAssets/SciFi_Industrial/Prefabs/Structure/Walls/Meshes/Hale_Wall_01_Corner_snaps002.asset using Guid(98cb75f592c120a418554681a9667ba6) Importer(815301076,1909f56bfc062723c751e8b465ee728b)  -> (artifact id: '305daed3ef55094707e60a971e8dcb44') in 0.017390 seconds
  Import took 0.023356 seconds .

========================================================================
Received Import Request.
  Time since last request: 0.000192 seconds.
  path: Assets/AssetStoreOriginals/_SNAPS_PrototypingAssets/SciFi_Industrial/Prefabs/Structure/Walls/Deck_Wall_Short_snaps002.prefab
  artifactKey: Guid(f7f356e910e29b44f94ab8c2e2bb4ce9) Importer(815301076,1909f56bfc062723c751e8b465ee728b)
Start importing Assets/AssetStoreOriginals/_SNAPS_PrototypingAssets/SciFi_Industrial/Prefabs/Structure/Walls/Deck_Wall_Short_snaps002.prefab using Guid(f7f356e910e29b44f94ab8c2e2bb4ce9) Importer(815301076,1909f56bfc062723c751e8b465ee728b)  -> (artifact id: '37ef272fb489aa8988b2ba250a6ed800') in 0.048937 seconds
  Import took 0.058196 seconds .

========================================================================
Received Import Request.
  Time since last request: 0.000770 seconds.
  path: Assets/AssetStoreOriginals/_SNAPS_PrototypingAssets/SciFi_Industrial/Prefabs/Structure/Walls/Meshes/Hale_Wall_01_Corner_Collider.asset
  artifactKey: Guid(8a3539bb518f19444a272fedc388091d) Importer(815301076,1909f56bfc062723c751e8b465ee728b)
Start importing Assets/AssetStoreOriginals/_SNAPS_PrototypingAssets/SciFi_Industrial/Prefabs/Structure/Walls/Meshes/Hale_Wall_01_Corner_Collider.asset using Guid(8a3539bb518f19444a272fedc388091d) Importer(815301076,1909f56bfc062723c751e8b465ee728b)  -> (artifact id: '1309435c1f21980091083c9bd625045e') in 0.026351 seconds
  Import took 0.034845 seconds .

========================================================================
Received Import Request.
  Time since last request: 0.000228 seconds.
  path: Assets/AssetStoreOriginals/_SNAPS_PrototypingAssets/SciFi_Industrial/Prefabs/Structure/Walls/Meshes/Quart_Wall_Corner_Collider.asset
  artifactKey: Guid(3e903d5ff06ef564fbc5d7aef894a0e0) Importer(815301076,1909f56bfc062723c751e8b465ee728b)
Start importing Assets/AssetStoreOriginals/_SNAPS_PrototypingAssets/SciFi_Industrial/Prefabs/Structure/Walls/Meshes/Quart_Wall_Corner_Collider.asset using Guid(3e903d5ff06ef564fbc5d7aef894a0e0) Importer(815301076,1909f56bfc062723c751e8b465ee728b)  -> (artifact id: '110ada0a148468986d039512a3cbfae8') in 0.018878 seconds
  Import took 0.023010 seconds .

========================================================================
Received Import Request.
  Time since last request: 0.000210 seconds.
  path: Assets/AssetStoreOriginals/_SNAPS_PrototypingAssets/SciFi_Industrial/Prefabs/Structure/Walls/Deck_WallWindowFrame_02_snaps002.prefab
  artifactKey: Guid(ccb41a28547b4a74d8c0ec4556b9ecdf) Importer(815301076,1909f56bfc062723c751e8b465ee728b)
Start importing Assets/AssetStoreOriginals/_SNAPS_PrototypingAssets/SciFi_Industrial/Prefabs/Structure/Walls/Deck_WallWindowFrame_02_snaps002.prefab using Guid(ccb41a28547b4a74d8c0ec4556b9ecdf) Importer(815301076,1909f56bfc062723c751e8b465ee728b)  -> (artifact id: '214f72642c8f29cfec1a1fac1d848177') in 0.016282 seconds
  Import took 0.019181 seconds .

========================================================================
Received Import Request.
  Time since last request: 0.000175 seconds.
  path: Assets/AssetStoreOriginals/_SNAPS_PrototypingAssets/SciFi_Industrial/Prefabs/Structure/Walls/Meshes/Gale_Wall_01_snaps002.asset
  artifactKey: Guid(05cb18dca8ad59b479d071f53a1e298c) Importer(815301076,1909f56bfc062723c751e8b465ee728b)
Start importing Assets/AssetStoreOriginals/_SNAPS_PrototypingAssets/SciFi_Industrial/Prefabs/Structure/Walls/Meshes/Gale_Wall_01_snaps002.asset using Guid(05cb18dca8ad59b479d071f53a1e298c) Importer(815301076,1909f56bfc062723c751e8b465ee728b)  -> (artifact id: '6fc622581ebda14bbc129e1c2403a224') in 0.018753 seconds
  Import took 0.022373 seconds .

========================================================================
Received Import Request.
  Time since last request: 0.000237 seconds.
  path: Assets/AssetStoreOriginals/_SNAPS_PrototypingAssets/SciFi_Industrial/Prefabs/Structure/Walls/Meshes/Gen_Wall_Corner_Collider.asset
  artifactKey: Guid(423cfdc9cf1c7bd4598ac6ae2f42e776) Importer(815301076,1909f56bfc062723c751e8b465ee728b)
Start importing Assets/AssetStoreOriginals/_SNAPS_PrototypingAssets/SciFi_Industrial/Prefabs/Structure/Walls/Meshes/Gen_Wall_Corner_Collider.asset using Guid(423cfdc9cf1c7bd4598ac6ae2f42e776) Importer(815301076,1909f56bfc062723c751e8b465ee728b)  -> (artifact id: '671c016a3cf9646532a65721e95f096d') in 0.013699 seconds
  Import took 0.018362 seconds .

========================================================================
Received Import Request.
  Time since last request: 0.000324 seconds.
  path: Assets/AssetStoreOriginals/_SNAPS_PrototypingAssets/SciFi_Industrial/Prefabs/Structure/Walls/Gale_Wall_01_Corner_snaps002.prefab
  artifactKey: Guid(43664d96612e4ec489761a6609ac27a8) Importer(815301076,1909f56bfc062723c751e8b465ee728b)
Start importing Assets/AssetStoreOriginals/_SNAPS_PrototypingAssets/SciFi_Industrial/Prefabs/Structure/Walls/Gale_Wall_01_Corner_snaps002.prefab using Guid(43664d96612e4ec489761a6609ac27a8) Importer(815301076,1909f56bfc062723c751e8b465ee728b)  -> (artifact id: '8ebe5b53ad91376a44368247d27cdda1') in 0.017650 seconds
  Import took 0.022157 seconds .

========================================================================
Received Import Request.
  Time since last request: 0.000176 seconds.
  path: Assets/AssetStoreOriginals/_SNAPS_PrototypingAssets/SciFi_Industrial/Prefabs/Structure/Walls/Meshes/Deck_Wall_Joint_01_Collider.asset
  artifactKey: Guid(7a12c86077bf4f746bbc4ab0ed530392) Importer(815301076,1909f56bfc062723c751e8b465ee728b)
Start importing Assets/AssetStoreOriginals/_SNAPS_PrototypingAssets/SciFi_Industrial/Prefabs/Structure/Walls/Meshes/Deck_Wall_Joint_01_Collider.asset using Guid(7a12c86077bf4f746bbc4ab0ed530392) Importer(815301076,1909f56bfc062723c751e8b465ee728b)  -> (artifact id: '267661c09e1e3388dd7cf2dbfa86ca10') in 0.017577 seconds
  Import took 0.021764 seconds .

========================================================================
Received Import Request.
  Time since last request: 0.000231 seconds.
  path: Assets/AssetStoreOriginals/_SNAPS_PrototypingAssets/SciFi_Industrial/Prefabs/Structure/Walls/Meshes/Quart_Wall_Joint_02_snaps002.asset
  artifactKey: Guid(03fe162f77a26aa4fb8d38326c3def3c) Importer(815301076,1909f56bfc062723c751e8b465ee728b)
Start importing Assets/AssetStoreOriginals/_SNAPS_PrototypingAssets/SciFi_Industrial/Prefabs/Structure/Walls/Meshes/Quart_Wall_Joint_02_snaps002.asset using Guid(03fe162f77a26aa4fb8d38326c3def3c) Importer(815301076,1909f56bfc062723c751e8b465ee728b)  -> (artifact id: 'da9f20eddb6cd93ed7d8bc63fd437e64') in 0.021615 seconds
  Import took 0.025595 seconds .

========================================================================
Received Import Request.
  Time since last request: 0.000159 seconds.
  path: Assets/AssetStoreOriginals/_SNAPS_PrototypingAssets/SciFi_Industrial/Prefabs/Structure/Walls/Meshes/Quart_Wall_Joint_01_Collider.asset
  artifactKey: Guid(e2b90f5500476fc41b8ef87fbda8984e) Importer(815301076,1909f56bfc062723c751e8b465ee728b)
Start importing Assets/AssetStoreOriginals/_SNAPS_PrototypingAssets/SciFi_Industrial/Prefabs/Structure/Walls/Meshes/Quart_Wall_Joint_01_Collider.asset using Guid(e2b90f5500476fc41b8ef87fbda8984e) Importer(815301076,1909f56bfc062723c751e8b465ee728b)  -> (artifact id: '30c64624d65edb5cfecb13af99cc4015') in 0.012710 seconds
  Import took 0.015931 seconds .

========================================================================
Received Import Request.
  Time since last request: 0.000231 seconds.
  path: Assets/AssetStoreOriginals/_SNAPS_PrototypingAssets/SciFi_Industrial/Prefabs/Structure/Walls/Meshes/Gale_Wall_01_Corner_Collider.asset
  artifactKey: Guid(f8bfc9b045cbcea409c049c7e344cb77) Importer(815301076,1909f56bfc062723c751e8b465ee728b)
Start importing Assets/AssetStoreOriginals/_SNAPS_PrototypingAssets/SciFi_Industrial/Prefabs/Structure/Walls/Meshes/Gale_Wall_01_Corner_Collider.asset using Guid(f8bfc9b045cbcea409c049c7e344cb77) Importer(815301076,1909f56bfc062723c751e8b465ee728b)  -> (artifact id: '0c32effe92a7d6c8be07b8d1e484850f') in 0.022148 seconds
  Import took 0.025154 seconds .

========================================================================
Received Import Request.
  Time since last request: 0.000253 seconds.
  path: Assets/AssetStoreOriginals/_SNAPS_PrototypingAssets/SciFi_Industrial/Prefabs/Structure/Walls/Quart_Wall_Joint_02_snaps002.prefab
  artifactKey: Guid(c7553ba9a72f5b04a8bdae05c240ae27) Importer(815301076,1909f56bfc062723c751e8b465ee728b)
Start importing Assets/AssetStoreOriginals/_SNAPS_PrototypingAssets/SciFi_Industrial/Prefabs/Structure/Walls/Quart_Wall_Joint_02_snaps002.prefab using Guid(c7553ba9a72f5b04a8bdae05c240ae27) Importer(815301076,1909f56bfc062723c751e8b465ee728b)  -> (artifact id: '22126993cd46409c8f380d7a754da8d7') in 0.020211 seconds
  Import took 0.025226 seconds .

========================================================================
Received Import Request.
  Time since last request: 0.000229 seconds.
  path: Assets/AssetStoreOriginals/_SNAPS_PrototypingAssets/SciFi_Industrial/Prefabs/Structure/Walls/Deck_Wall_Corner_snaps002.prefab
  artifactKey: Guid(4e93dfa2dc2429043bf8dcaef3f85256) Importer(815301076,1909f56bfc062723c751e8b465ee728b)
Start importing Assets/AssetStoreOriginals/_SNAPS_PrototypingAssets/SciFi_Industrial/Prefabs/Structure/Walls/Deck_Wall_Corner_snaps002.prefab using Guid(4e93dfa2dc2429043bf8dcaef3f85256) Importer(815301076,1909f56bfc062723c751e8b465ee728b)  -> (artifact id: 'eabb010e47a0bd7ad841d6e95cea2e19') in 0.016620 seconds
  Import took 0.019805 seconds .

========================================================================
Received Import Request.
  Time since last request: 0.000186 seconds.
  path: Assets/AssetStoreOriginals/_SNAPS_PrototypingAssets/SciFi_Industrial/Prefabs/Structure/Walls/Meshes/Quart_Wall_Joint_01_snaps002.asset
  artifactKey: Guid(12b0f9429988bb048b721c565d89c6ff) Importer(815301076,1909f56bfc062723c751e8b465ee728b)
Start importing Assets/AssetStoreOriginals/_SNAPS_PrototypingAssets/SciFi_Industrial/Prefabs/Structure/Walls/Meshes/Quart_Wall_Joint_01_snaps002.asset using Guid(12b0f9429988bb048b721c565d89c6ff) Importer(815301076,1909f56bfc062723c751e8b465ee728b)  -> (artifact id: 'ed7f5631411926309ede30d66b307337') in 0.034672 seconds
  Import took 0.039058 seconds .

========================================================================
Received Import Request.
  Time since last request: 0.000434 seconds.
  path: Assets/AssetStoreOriginals/_SNAPS_PrototypingAssets/SciFi_Industrial/Prefabs/Structure/Walls/Deck_WallWindow_01_snaps002.prefab
  artifactKey: Guid(053a7880ac43136418152778d2e1daa6) Importer(815301076,1909f56bfc062723c751e8b465ee728b)
Start importing Assets/AssetStoreOriginals/_SNAPS_PrototypingAssets/SciFi_Industrial/Prefabs/Structure/Walls/Deck_WallWindow_01_snaps002.prefab using Guid(053a7880ac43136418152778d2e1daa6) Importer(815301076,1909f56bfc062723c751e8b465ee728b)  -> (artifact id: '5a81199af541be0892eb70352c4b81e4') in 0.025679 seconds
  Import took 0.031062 seconds .

========================================================================
Received Import Request.
  Time since last request: 0.000232 seconds.
  path: Assets/AssetStoreOriginals/_SNAPS_PrototypingAssets/SciFi_Industrial/Prefabs/Structure/Walls/Deck_Wall_Joint_01_snaps002.prefab
  artifactKey: Guid(0004508657bc3714e89e392e80571398) Importer(815301076,1909f56bfc062723c751e8b465ee728b)
Start importing Assets/AssetStoreOriginals/_SNAPS_PrototypingAssets/SciFi_Industrial/Prefabs/Structure/Walls/Deck_Wall_Joint_01_snaps002.prefab using Guid(0004508657bc3714e89e392e80571398) Importer(815301076,1909f56bfc062723c751e8b465ee728b)  -> (artifact id: 'fe1778ceefd315949193609624b23a80') in 0.040444 seconds
  Import took 0.045914 seconds .

========================================================================
Received Import Request.
  Time since last request: 0.000206 seconds.
  path: Assets/AssetStoreOriginals/_SNAPS_PrototypingAssets/SciFi_Industrial/Prefabs/Structure/Walls/Gen_Wall_DoorFrame_01_snaps002.prefab
  artifactKey: Guid(ca3a59584c01c6f4ca55f2f9a7395687) Importer(815301076,1909f56bfc062723c751e8b465ee728b)
Start importing Assets/AssetStoreOriginals/_SNAPS_PrototypingAssets/SciFi_Industrial/Prefabs/Structure/Walls/Gen_Wall_DoorFrame_01_snaps002.prefab using Guid(ca3a59584c01c6f4ca55f2f9a7395687) Importer(815301076,1909f56bfc062723c751e8b465ee728b)  -> (artifact id: '4bc3f303a80a1435f38f977d98dc297e') in 0.018879 seconds
  Import took 0.023267 seconds .

========================================================================
Received Import Request.
  Time since last request: 0.000246 seconds.
  path: Assets/AssetStoreOriginals/_SNAPS_PrototypingAssets/SciFi_Industrial/Prefabs/Structure/Walls/Gen_Wall_Corner_snaps002.prefab
  artifactKey: Guid(ab47af6ccd1970547885092ed420cbe2) Importer(815301076,1909f56bfc062723c751e8b465ee728b)
Start importing Assets/AssetStoreOriginals/_SNAPS_PrototypingAssets/SciFi_Industrial/Prefabs/Structure/Walls/Gen_Wall_Corner_snaps002.prefab using Guid(ab47af6ccd1970547885092ed420cbe2) Importer(815301076,1909f56bfc062723c751e8b465ee728b)  -> (artifact id: '9816917e05b909c0585018862102fe05') in 0.023497 seconds
  Import took 0.029153 seconds .

========================================================================
Received Import Request.
  Time since last request: 0.000188 seconds.
  path: Assets/AssetStoreOriginals/_SNAPS_PrototypingAssets/SciFi_Industrial/Prefabs/Structure/Walls/Deck_Wall_snaps002.prefab
  artifactKey: Guid(00debf980412c49418327c56a1a60db0) Importer(815301076,1909f56bfc062723c751e8b465ee728b)
Start importing Assets/AssetStoreOriginals/_SNAPS_PrototypingAssets/SciFi_Industrial/Prefabs/Structure/Walls/Deck_Wall_snaps002.prefab using Guid(00debf980412c49418327c56a1a60db0) Importer(815301076,1909f56bfc062723c751e8b465ee728b)  -> (artifact id: '4fcde31c64e40c30ed2a624de8944867') in 0.019689 seconds
  Import took 0.024408 seconds .

========================================================================
Received Import Request.
  Time since last request: 0.000233 seconds.
  path: Assets/AssetStoreOriginals/_SNAPS_PrototypingAssets/SciFi_Industrial/Prefabs/Structure/Walls/Hale_Wall_01_Corner_snaps002.prefab
  artifactKey: Guid(74fe408f24610144390b3352ca1f7efe) Importer(815301076,1909f56bfc062723c751e8b465ee728b)
Start importing Assets/AssetStoreOriginals/_SNAPS_PrototypingAssets/SciFi_Industrial/Prefabs/Structure/Walls/Hale_Wall_01_Corner_snaps002.prefab using Guid(74fe408f24610144390b3352ca1f7efe) Importer(815301076,1909f56bfc062723c751e8b465ee728b)  -> (artifact id: 'f81cf66fbccd569566208712fbc52a9f') in 0.016231 seconds
  Import took 0.020875 seconds .

========================================================================
Received Import Request.
  Time since last request: 0.000278 seconds.
  path: Assets/AssetStoreOriginals/_SNAPS_PrototypingAssets/SciFi_Industrial/Prefabs/Structure/Walls/Meshes/Deck_WallWindowFrame_02_Collider.asset
  artifactKey: Guid(4353cb0de7f688b428bbd9dd238fba8e) Importer(815301076,1909f56bfc062723c751e8b465ee728b)
Start importing Assets/AssetStoreOriginals/_SNAPS_PrototypingAssets/SciFi_Industrial/Prefabs/Structure/Walls/Meshes/Deck_WallWindowFrame_02_Collider.asset using Guid(4353cb0de7f688b428bbd9dd238fba8e) Importer(815301076,1909f56bfc062723c751e8b465ee728b)  -> (artifact id: '17d1a66f4601d9a0f7c88776b8b3121d') in 0.019282 seconds
  Import took 0.023624 seconds .

========================================================================
Received Import Request.
  Time since last request: 0.000105 seconds.
  path: Assets/AssetStoreOriginals/_SNAPS_PrototypingAssets/SciFi_Industrial/Prefabs/Structure/Walls/Meshes/Deck_WallDoorFrame_01_Collider.asset
  artifactKey: Guid(f2b13f210e158964e8a64864c6e2810f) Importer(815301076,1909f56bfc062723c751e8b465ee728b)
Start importing Assets/AssetStoreOriginals/_SNAPS_PrototypingAssets/SciFi_Industrial/Prefabs/Structure/Walls/Meshes/Deck_WallDoorFrame_01_Collider.asset using Guid(f2b13f210e158964e8a64864c6e2810f) Importer(815301076,1909f56bfc062723c751e8b465ee728b)  -> (artifact id: '7d50575af2b2a08e74e54dd1d8b6e098') in 0.029976 seconds
  Import took 0.035306 seconds .

========================================================================
Received Import Request.
  Time since last request: 0.000240 seconds.
  path: Assets/AssetStoreOriginals/_SNAPS_PrototypingAssets/SciFi_Industrial/Prefabs/Structure/Walls/Meshes/Deck_Wall_Corner_snaps002.asset
  artifactKey: Guid(81f1e8beb5351a24b9480210445a2b83) Importer(815301076,1909f56bfc062723c751e8b465ee728b)
Start importing Assets/AssetStoreOriginals/_SNAPS_PrototypingAssets/SciFi_Industrial/Prefabs/Structure/Walls/Meshes/Deck_Wall_Corner_snaps002.asset using Guid(81f1e8beb5351a24b9480210445a2b83) Importer(815301076,1909f56bfc062723c751e8b465ee728b)  -> (artifact id: '2e9e686fee8b133d381e19cdeba1a45c') in 0.022281 seconds
  Import took 0.026517 seconds .

========================================================================
Received Import Request.
  Time since last request: 0.000249 seconds.
  path: Assets/AssetStoreOriginals/_SNAPS_PrototypingAssets/SciFi_Industrial/Prefabs/Structure/Walls/Deck_WallWindow_02_snaps002.prefab
  artifactKey: Guid(2e0883a680249d34b9e7fc1c0b9c8574) Importer(815301076,1909f56bfc062723c751e8b465ee728b)
Start importing Assets/AssetStoreOriginals/_SNAPS_PrototypingAssets/SciFi_Industrial/Prefabs/Structure/Walls/Deck_WallWindow_02_snaps002.prefab using Guid(2e0883a680249d34b9e7fc1c0b9c8574) Importer(815301076,1909f56bfc062723c751e8b465ee728b)  -> (artifact id: '684b485fa4ea535d1f59e4d275f73576') in 0.019313 seconds
  Import took 0.023812 seconds .

========================================================================
Received Import Request.
  Time since last request: 0.000612 seconds.
  path: Assets/AssetStoreOriginals/_SNAPS_PrototypingAssets/SciFi_Industrial/Prefabs/Structure/Walls/Meshes/Hale_Wall_01_snaps002.asset
  artifactKey: Guid(be0f348fdc92098488c921e49d4d84c1) Importer(815301076,1909f56bfc062723c751e8b465ee728b)
Start importing Assets/AssetStoreOriginals/_SNAPS_PrototypingAssets/SciFi_Industrial/Prefabs/Structure/Walls/Meshes/Hale_Wall_01_snaps002.asset using Guid(be0f348fdc92098488c921e49d4d84c1) Importer(815301076,1909f56bfc062723c751e8b465ee728b)  -> (artifact id: 'b29bd2782ee7c356772c03348be1fa75') in 0.020240 seconds
  Import took 0.024393 seconds .

========================================================================
Received Import Request.
  Time since last request: 0.000275 seconds.
  path: Assets/AssetStoreOriginals/_SNAPS_PrototypingAssets/SciFi_Industrial/Prefabs/Structure/Walls/Meshes/Quart_Wall_Corner_snaps002.asset
  artifactKey: Guid(82af021324a3d33429e7f56c7abb229c) Importer(815301076,1909f56bfc062723c751e8b465ee728b)
Start importing Assets/AssetStoreOriginals/_SNAPS_PrototypingAssets/SciFi_Industrial/Prefabs/Structure/Walls/Meshes/Quart_Wall_Corner_snaps002.asset using Guid(82af021324a3d33429e7f56c7abb229c) Importer(815301076,1909f56bfc062723c751e8b465ee728b)  -> (artifact id: 'e81b4f9f67f081c4c5682ad13b627135') in 0.016054 seconds
  Import took 0.021851 seconds .

========================================================================
Received Import Request.
  Time since last request: 0.000351 seconds.
  path: Assets/AssetStoreOriginals/_SNAPS_PrototypingAssets/SciFi_Industrial/Prefabs/Structure/Walls/Meshes/Quart_WallDoorFrame_01_snaps002.asset
  artifactKey: Guid(73b253996598aa14fb6137ff484ece59) Importer(815301076,1909f56bfc062723c751e8b465ee728b)
Start importing Assets/AssetStoreOriginals/_SNAPS_PrototypingAssets/SciFi_Industrial/Prefabs/Structure/Walls/Meshes/Quart_WallDoorFrame_01_snaps002.asset using Guid(73b253996598aa14fb6137ff484ece59) Importer(815301076,1909f56bfc062723c751e8b465ee728b)  -> (artifact id: '42f30ea4ad2eeff7579f3e810b0efad2') in 0.034286 seconds
  Import took 0.040798 seconds .

========================================================================
Received Import Request.
  Time since last request: 0.000364 seconds.
  path: Assets/AssetStoreOriginals/_SNAPS_PrototypingAssets/SciFi_Industrial/Prefabs/Structure/Walls/Quart_Wall_Joint_01_snaps002.prefab
  artifactKey: Guid(8b49d720e7fae624a823f674ab67472b) Importer(815301076,1909f56bfc062723c751e8b465ee728b)
Start importing Assets/AssetStoreOriginals/_SNAPS_PrototypingAssets/SciFi_Industrial/Prefabs/Structure/Walls/Quart_Wall_Joint_01_snaps002.prefab using Guid(8b49d720e7fae624a823f674ab67472b) Importer(815301076,1909f56bfc062723c751e8b465ee728b)  -> (artifact id: '616bb1e3382118b978028dc7a180dd23') in 0.019267 seconds
  Import took 0.023822 seconds .

========================================================================
Received Import Request.
  Time since last request: 0.000215 seconds.
  path: Assets/AssetStoreOriginals/_SNAPS_PrototypingAssets/SciFi_Industrial/Prefabs/Structure/Walls/Meshes/Deck_WallWindowFrame_02_snaps002.asset
  artifactKey: Guid(6073363b43082a54a9afed661130332a) Importer(815301076,1909f56bfc062723c751e8b465ee728b)
Start importing Assets/AssetStoreOriginals/_SNAPS_PrototypingAssets/SciFi_Industrial/Prefabs/Structure/Walls/Meshes/Deck_WallWindowFrame_02_snaps002.asset using Guid(6073363b43082a54a9afed661130332a) Importer(815301076,1909f56bfc062723c751e8b465ee728b)  -> (artifact id: '69ac5bfbc2f46535d2602145a94bb1d5') in 0.016766 seconds
  Import took 0.021303 seconds .

========================================================================
Received Import Request.
  Time since last request: 0.000163 seconds.
  path: Assets/AssetStoreOriginals/_SNAPS_PrototypingAssets/SciFi_Industrial/Prefabs/Structure/Walls/Meshes/Deck_Wall_Corner_Collider.asset
  artifactKey: Guid(53a88e6b8cd8d564fafb1797c2f2adb0) Importer(815301076,1909f56bfc062723c751e8b465ee728b)
Start importing Assets/AssetStoreOriginals/_SNAPS_PrototypingAssets/SciFi_Industrial/Prefabs/Structure/Walls/Meshes/Deck_Wall_Corner_Collider.asset using Guid(53a88e6b8cd8d564fafb1797c2f2adb0) Importer(815301076,1909f56bfc062723c751e8b465ee728b)  -> (artifact id: 'fcddf64a626029c58ed67c7c52c5dd42') in 0.019521 seconds
  Import took 0.022579 seconds .

========================================================================
Received Import Request.
  Time since last request: 0.000229 seconds.
  path: Assets/AssetStoreOriginals/_SNAPS_PrototypingAssets/SciFi_Industrial/Prefabs/Structure/Walls/Deck_WallDoorFrame_01_snaps002.prefab
  artifactKey: Guid(44982ca7d3e94644abea2924dfb538b5) Importer(815301076,1909f56bfc062723c751e8b465ee728b)
Start importing Assets/AssetStoreOriginals/_SNAPS_PrototypingAssets/SciFi_Industrial/Prefabs/Structure/Walls/Deck_WallDoorFrame_01_snaps002.prefab using Guid(44982ca7d3e94644abea2924dfb538b5) Importer(815301076,1909f56bfc062723c751e8b465ee728b)  -> (artifact id: '34c8213d0dd3e6b79c1362d9256b9a07') in 0.015649 seconds
  Import took 0.019247 seconds .

========================================================================
Received Import Request.
  Time since last request: 0.000150 seconds.
  path: Assets/AssetStoreOriginals/_SNAPS_PrototypingAssets/SciFi_Industrial/Prefabs/Structure/Walls/Meshes/Quart_Wall_snaps002.asset
  artifactKey: Guid(230d743c9645b694ea0a337a48709ef0) Importer(815301076,1909f56bfc062723c751e8b465ee728b)
Start importing Assets/AssetStoreOriginals/_SNAPS_PrototypingAssets/SciFi_Industrial/Prefabs/Structure/Walls/Meshes/Quart_Wall_snaps002.asset using Guid(230d743c9645b694ea0a337a48709ef0) Importer(815301076,1909f56bfc062723c751e8b465ee728b)  -> (artifact id: 'a7c937c6fa8130e123768851ec34f84b') in 0.015961 seconds
  Import took 0.019372 seconds .

========================================================================
Received Import Request.
  Time since last request: 0.000211 seconds.
  path: Assets/AssetStoreOriginals/_SNAPS_PrototypingAssets/SciFi_Industrial/Prefabs/Structure/Walls/Deck_Wall_Top_snaps002.prefab
  artifactKey: Guid(3c346d225f66d0b4b907e41c5b028e94) Importer(815301076,1909f56bfc062723c751e8b465ee728b)
Start importing Assets/AssetStoreOriginals/_SNAPS_PrototypingAssets/SciFi_Industrial/Prefabs/Structure/Walls/Deck_Wall_Top_snaps002.prefab using Guid(3c346d225f66d0b4b907e41c5b028e94) Importer(815301076,1909f56bfc062723c751e8b465ee728b)  -> (artifact id: '255daa3bc9f4b53528b1be10e0163daa') in 0.012240 seconds
  Import took 0.018481 seconds .

========================================================================
Received Import Request.
  Time since last request: 0.000255 seconds.
  path: Assets/AssetStoreOriginals/_SNAPS_PrototypingAssets/SciFi_Industrial/Prefabs/Structure/Walls/Deck_Wall_Corner_Short_snaps002.prefab
  artifactKey: Guid(3628080bf973ae74a9419fe570653a31) Importer(815301076,1909f56bfc062723c751e8b465ee728b)
Start importing Assets/AssetStoreOriginals/_SNAPS_PrototypingAssets/SciFi_Industrial/Prefabs/Structure/Walls/Deck_Wall_Corner_Short_snaps002.prefab using Guid(3628080bf973ae74a9419fe570653a31) Importer(815301076,1909f56bfc062723c751e8b465ee728b)  -> (artifact id: 'be55367fc286bb9f20080af6c0d205ae') in 0.021791 seconds
  Import took 0.026517 seconds .

========================================================================
Received Import Request.
  Time since last request: 0.000179 seconds.
  path: Assets/AssetStoreOriginals/_SNAPS_PrototypingAssets/SciFi_Industrial/Prefabs/Structure/Walls/Meshes/Gen_Wall_DoorFrame_01_Collider.asset
  artifactKey: Guid(f9c0fc532bd2ba444bbaf45b20591361) Importer(815301076,1909f56bfc062723c751e8b465ee728b)
Start importing Assets/AssetStoreOriginals/_SNAPS_PrototypingAssets/SciFi_Industrial/Prefabs/Structure/Walls/Meshes/Gen_Wall_DoorFrame_01_Collider.asset using Guid(f9c0fc532bd2ba444bbaf45b20591361) Importer(815301076,1909f56bfc062723c751e8b465ee728b)  -> (artifact id: 'b64e2fdcaf1b77b6bd016764276eff75') in 0.013976 seconds
  Import took 0.017240 seconds .

========================================================================
Received Import Request.
  Time since last request: 0.000200 seconds.
  path: Assets/AssetStoreOriginals/_SNAPS_PrototypingAssets/SciFi_Industrial/Prefabs/Structure/Walls/Meshes/Deck_Wall_Joint_01_snaps002.asset
  artifactKey: Guid(50badd2dded76b641af25b6f4dd134fd) Importer(815301076,1909f56bfc062723c751e8b465ee728b)
Start importing Assets/AssetStoreOriginals/_SNAPS_PrototypingAssets/SciFi_Industrial/Prefabs/Structure/Walls/Meshes/Deck_Wall_Joint_01_snaps002.asset using Guid(50badd2dded76b641af25b6f4dd134fd) Importer(815301076,1909f56bfc062723c751e8b465ee728b)  -> (artifact id: 'ef5cceb748c769427c55e2a790179046') in 0.019896 seconds
  Import took 0.024476 seconds .

========================================================================
Received Import Request.
  Time since last request: 0.000227 seconds.
  path: Assets/AssetStoreOriginals/_SNAPS_PrototypingAssets/SciFi_Industrial/Prefabs/Structure/Walls/Hale_Wall_02_Corner_snaps002.prefab
  artifactKey: Guid(4f6977220c151404d9b6645f08a4a362) Importer(815301076,1909f56bfc062723c751e8b465ee728b)
Start importing Assets/AssetStoreOriginals/_SNAPS_PrototypingAssets/SciFi_Industrial/Prefabs/Structure/Walls/Hale_Wall_02_Corner_snaps002.prefab using Guid(4f6977220c151404d9b6645f08a4a362) Importer(815301076,1909f56bfc062723c751e8b465ee728b)  -> (artifact id: 'f955720729df96097cacbc47b0719145') in 0.020568 seconds
  Import took 0.024321 seconds .

========================================================================
Received Import Request.
  Time since last request: 0.000169 seconds.
  path: Assets/AssetStoreOriginals/_SNAPS_PrototypingAssets/SciFi_Industrial/Prefabs/Structure/Walls/Meshes/Gen_Wall_Joint_Collider.asset
  artifactKey: Guid(95107f768bae22642a7503989283e1a1) Importer(815301076,1909f56bfc062723c751e8b465ee728b)
Start importing Assets/AssetStoreOriginals/_SNAPS_PrototypingAssets/SciFi_Industrial/Prefabs/Structure/Walls/Meshes/Gen_Wall_Joint_Collider.asset using Guid(95107f768bae22642a7503989283e1a1) Importer(815301076,1909f56bfc062723c751e8b465ee728b)  -> (artifact id: '30c738cf36aff0da22437df4b5aa6cfe') in 0.013731 seconds
  Import took 0.016594 seconds .

========================================================================
Received Import Request.
  Time since last request: 0.000166 seconds.
  path: Assets/AssetStoreOriginals/_SNAPS_PrototypingAssets/SciFi_Industrial/Prefabs/Structure/Walls/Hale_Wall_01_snaps002.prefab
  artifactKey: Guid(19275419fedd9184180a5665b0bacd4e) Importer(815301076,1909f56bfc062723c751e8b465ee728b)
Start importing Assets/AssetStoreOriginals/_SNAPS_PrototypingAssets/SciFi_Industrial/Prefabs/Structure/Walls/Hale_Wall_01_snaps002.prefab using Guid(19275419fedd9184180a5665b0bacd4e) Importer(815301076,1909f56bfc062723c751e8b465ee728b)  -> (artifact id: 'b6cddf3ef191761cf9b16316142b5445') in 0.018300 seconds
  Import took 0.021388 seconds .

========================================================================
Received Import Request.
  Time since last request: 0.000295 seconds.
  path: Assets/AssetStoreOriginals/_SNAPS_PrototypingAssets/SciFi_Industrial/Prefabs/Structure/Walls/Meshes/Deck_Wall_Short_snaps002.asset
  artifactKey: Guid(62582d6b60370b446b8508614dd89888) Importer(815301076,1909f56bfc062723c751e8b465ee728b)
Start importing Assets/AssetStoreOriginals/_SNAPS_PrototypingAssets/SciFi_Industrial/Prefabs/Structure/Walls/Meshes/Deck_Wall_Short_snaps002.asset using Guid(62582d6b60370b446b8508614dd89888) Importer(815301076,1909f56bfc062723c751e8b465ee728b)  -> (artifact id: '5023a6cf4ff871da26585e766bd8853b') in 0.017014 seconds
  Import took 0.021909 seconds .

========================================================================
Received Import Request.
  Time since last request: 0.000172 seconds.
  path: Assets/AssetStoreOriginals/_SNAPS_PrototypingAssets/SciFi_Industrial/Prefabs/Structure/Walls/Meshes/Quart_WallDoorFrame_01_Collider.asset
  artifactKey: Guid(1e5569ec28579444da55403f124144fb) Importer(815301076,1909f56bfc062723c751e8b465ee728b)
Start importing Assets/AssetStoreOriginals/_SNAPS_PrototypingAssets/SciFi_Industrial/Prefabs/Structure/Walls/Meshes/Quart_WallDoorFrame_01_Collider.asset using Guid(1e5569ec28579444da55403f124144fb) Importer(815301076,1909f56bfc062723c751e8b465ee728b)  -> (artifact id: '118b419f20d48075d869d729c40ffcf0') in 0.016909 seconds
  Import took 0.020286 seconds .

========================================================================
Received Import Request.
  Time since last request: 0.000211 seconds.
  path: Assets/AssetStoreOriginals/_SNAPS_PrototypingAssets/SciFi_Industrial/Prefabs/Structure/Walls/Meshes/Gen_Wall_snaps002.asset
  artifactKey: Guid(801062c5860dbf946b39dfca0c2820cd) Importer(815301076,1909f56bfc062723c751e8b465ee728b)
Start importing Assets/AssetStoreOriginals/_SNAPS_PrototypingAssets/SciFi_Industrial/Prefabs/Structure/Walls/Meshes/Gen_Wall_snaps002.asset using Guid(801062c5860dbf946b39dfca0c2820cd) Importer(815301076,1909f56bfc062723c751e8b465ee728b)  -> (artifact id: '81e6d999397bb97335a7b820f08c3c99') in 0.014686 seconds
  Import took 0.017898 seconds .

========================================================================
Received Import Request.
  Time since last request: 0.000150 seconds.
  path: Assets/AssetStoreOriginals/_SNAPS_PrototypingAssets/SciFi_Industrial/Prefabs/Structure/Walls/Gale_Wall_02_snaps002.prefab
  artifactKey: Guid(bc35cc0e65e4bd74fa45e86391540bce) Importer(815301076,1909f56bfc062723c751e8b465ee728b)
Start importing Assets/AssetStoreOriginals/_SNAPS_PrototypingAssets/SciFi_Industrial/Prefabs/Structure/Walls/Gale_Wall_02_snaps002.prefab using Guid(bc35cc0e65e4bd74fa45e86391540bce) Importer(815301076,1909f56bfc062723c751e8b465ee728b)  -> (artifact id: '1730eacfe1fab5547ea13028e949d6d1') in 0.025670 seconds
  Import took 0.028850 seconds .

========================================================================
Received Import Request.
  Time since last request: 0.000179 seconds.
  path: Assets/AssetStoreOriginals/_SNAPS_PrototypingAssets/SciFi_Industrial/Prefabs/Structure/Walls/Meshes/Gen_Wall_Corner_snaps002.asset
  artifactKey: Guid(2b02e1384e32c6e48aab108651153ee5) Importer(815301076,1909f56bfc062723c751e8b465ee728b)
Start importing Assets/AssetStoreOriginals/_SNAPS_PrototypingAssets/SciFi_Industrial/Prefabs/Structure/Walls/Meshes/Gen_Wall_Corner_snaps002.asset using Guid(2b02e1384e32c6e48aab108651153ee5) Importer(815301076,1909f56bfc062723c751e8b465ee728b)  -> (artifact id: '53bb9f5316f983b4719c4577d572c473') in 0.014195 seconds
  Import took 0.017900 seconds .

========================================================================
Received Import Request.
  Time since last request: 0.000928 seconds.
  path: Assets/AssetStoreOriginals/_SNAPS_PrototypingAssets/SciFi_Industrial/Prefabs/Structure/Walls/Meshes/Deck_Wall_snaps002.asset
  artifactKey: Guid(a0a1375d7260d484c9775ffc69c94f85) Importer(815301076,1909f56bfc062723c751e8b465ee728b)
Start importing Assets/AssetStoreOriginals/_SNAPS_PrototypingAssets/SciFi_Industrial/Prefabs/Structure/Walls/Meshes/Deck_Wall_snaps002.asset using Guid(a0a1375d7260d484c9775ffc69c94f85) Importer(815301076,1909f56bfc062723c751e8b465ee728b)  -> (artifact id: 'f1e02dfd7881a2e6b6a79b28e9980c35') in 0.024059 seconds
  Import took 0.034335 seconds .

========================================================================
Received Import Request.
  Time since last request: 0.000306 seconds.
  path: Assets/AssetStoreOriginals/_SNAPS_PrototypingAssets/SciFi_Industrial/Prefabs/Structure/Walls/Meshes/Deck_WallDoorFrame_02_Collider.asset
  artifactKey: Guid(c61b768b2d8fb704691ed565fa2e12a4) Importer(815301076,1909f56bfc062723c751e8b465ee728b)
Start importing Assets/AssetStoreOriginals/_SNAPS_PrototypingAssets/SciFi_Industrial/Prefabs/Structure/Walls/Meshes/Deck_WallDoorFrame_02_Collider.asset using Guid(c61b768b2d8fb704691ed565fa2e12a4) Importer(815301076,1909f56bfc062723c751e8b465ee728b)  -> (artifact id: '13ec3a3d18a1c8bbb5c66b1a4ad99108') in 0.015341 seconds
  Import took 0.019427 seconds .

========================================================================
Received Import Request.
  Time since last request: 0.000246 seconds.
  path: Assets/AssetStoreOriginals/_SNAPS_PrototypingAssets/SciFi_Industrial/Prefabs/Structure/Walls/Meshes/Deck_WallWindow_01_snaps002.asset
  artifactKey: Guid(4673b017e1c6daf48bb90aaab771550d) Importer(815301076,1909f56bfc062723c751e8b465ee728b)
Start importing Assets/AssetStoreOriginals/_SNAPS_PrototypingAssets/SciFi_Industrial/Prefabs/Structure/Walls/Meshes/Deck_WallWindow_01_snaps002.asset using Guid(4673b017e1c6daf48bb90aaab771550d) Importer(815301076,1909f56bfc062723c751e8b465ee728b)  -> (artifact id: '7a4d6a3ba3cb20f2b16a09389b52f26f') in 0.019835 seconds
  Import took 0.023752 seconds .

========================================================================
Received Import Request.
  Time since last request: 0.000186 seconds.
  path: Assets/AssetStoreOriginals/_SNAPS_PrototypingAssets/SciFi_Industrial/Prefabs/Structure/Walls/Meshes/Deck_Wall_Corner_Short_snaps002.asset
  artifactKey: Guid(2cbb1587c7f0c774e8f0c9df64ef2b27) Importer(815301076,1909f56bfc062723c751e8b465ee728b)
Start importing Assets/AssetStoreOriginals/_SNAPS_PrototypingAssets/SciFi_Industrial/Prefabs/Structure/Walls/Meshes/Deck_Wall_Corner_Short_snaps002.asset using Guid(2cbb1587c7f0c774e8f0c9df64ef2b27) Importer(815301076,1909f56bfc062723c751e8b465ee728b)  -> (artifact id: '9901d7ba41be035d11150abd729ac522') in 0.023151 seconds
  Import took 0.027404 seconds .

========================================================================
Received Import Request.
  Time since last request: 0.000643 seconds.
  path: Assets/AssetStoreOriginals/_SNAPS_PrototypingAssets/SciFi_Industrial/Prefabs/Structure/Walls/Meshes/Gen_Wall_DoorFrame_01_snaps002.asset
  artifactKey: Guid(cd5bd82f6b9e90148a9f3f6065a7d43f) Importer(815301076,1909f56bfc062723c751e8b465ee728b)
Start importing Assets/AssetStoreOriginals/_SNAPS_PrototypingAssets/SciFi_Industrial/Prefabs/Structure/Walls/Meshes/Gen_Wall_DoorFrame_01_snaps002.asset using Guid(cd5bd82f6b9e90148a9f3f6065a7d43f) Importer(815301076,1909f56bfc062723c751e8b465ee728b)  -> (artifact id: 'd13f4a3950d5f834ddf8729daa625d37') in 0.018912 seconds
  Import took 0.023185 seconds .

========================================================================
Received Import Request.
  Time since last request: 0.000207 seconds.
  path: Assets/AssetStoreOriginals/_SNAPS_PrototypingAssets/SciFi_Industrial/Prefabs/Structure/Walls/Meshes/Hale_Wall_02_Corner_snaps002.asset
  artifactKey: Guid(cd0c7bd1be6b0234fac5ff035d165d3a) Importer(815301076,1909f56bfc062723c751e8b465ee728b)
Start importing Assets/AssetStoreOriginals/_SNAPS_PrototypingAssets/SciFi_Industrial/Prefabs/Structure/Walls/Meshes/Hale_Wall_02_Corner_snaps002.asset using Guid(cd0c7bd1be6b0234fac5ff035d165d3a) Importer(815301076,1909f56bfc062723c751e8b465ee728b)  -> (artifact id: '8d868ee6ba481dcb9303982f0a632292') in 0.018735 seconds
  Import took 0.022475 seconds .

========================================================================
Received Import Request.
  Time since last request: 0.000194 seconds.
  path: Assets/AssetStoreOriginals/_SNAPS_PrototypingAssets/SciFi_Industrial/Prefabs/Structure/Walls/Meshes/Deck_WallDoorFrame_01_snaps002.asset
  artifactKey: Guid(1d3d195152f9f3c4f8ffd132642e0276) Importer(815301076,1909f56bfc062723c751e8b465ee728b)
Start importing Assets/AssetStoreOriginals/_SNAPS_PrototypingAssets/SciFi_Industrial/Prefabs/Structure/Walls/Meshes/Deck_WallDoorFrame_01_snaps002.asset using Guid(1d3d195152f9f3c4f8ffd132642e0276) Importer(815301076,1909f56bfc062723c751e8b465ee728b)  -> (artifact id: '0cbb8c7d3ab4f76e5d7e2c9e20322d1f') in 0.019133 seconds
  Import took 0.024492 seconds .

========================================================================
Received Import Request.
  Time since last request: 0.000303 seconds.
  path: Assets/AssetStoreOriginals/_SNAPS_PrototypingAssets/SciFi_Industrial/Prefabs/Structure/Walls/Gen_Wall_snaps002.prefab
  artifactKey: Guid(37e77a47218919148afc5a8cd332b7c0) Importer(815301076,1909f56bfc062723c751e8b465ee728b)
Start importing Assets/AssetStoreOriginals/_SNAPS_PrototypingAssets/SciFi_Industrial/Prefabs/Structure/Walls/Gen_Wall_snaps002.prefab using Guid(37e77a47218919148afc5a8cd332b7c0) Importer(815301076,1909f56bfc062723c751e8b465ee728b)  -> (artifact id: '3f562a1f0ae56db1359aac401c8ed2e8') in 0.015683 seconds
  Import took 0.020672 seconds .

========================================================================
Received Import Request.
  Time since last request: 0.000213 seconds.
  path: Assets/AssetStoreOriginals/_SNAPS_PrototypingAssets/SciFi_Industrial/Prefabs/Structure/Walls/Deck_WallDoorFrame_02_snaps002.prefab
  artifactKey: Guid(fc8293156eb278246bce7d3aa1acdff4) Importer(815301076,1909f56bfc062723c751e8b465ee728b)
Start importing Assets/AssetStoreOriginals/_SNAPS_PrototypingAssets/SciFi_Industrial/Prefabs/Structure/Walls/Deck_WallDoorFrame_02_snaps002.prefab using Guid(fc8293156eb278246bce7d3aa1acdff4) Importer(815301076,1909f56bfc062723c751e8b465ee728b)  -> (artifact id: 'c9cc5a6ce0f03eefbc7b4a8e013549c5') in 0.017030 seconds
  Import took 0.023399 seconds .

========================================================================
Received Import Request.
  Time since last request: 0.000678 seconds.
  path: Assets/AssetStoreOriginals/_SNAPS_PrototypingAssets/SciFi_Industrial/Prefabs/Structure/Walls/Meshes/Gale_Wall_01_Corner_snaps002.asset
  artifactKey: Guid(b6db7aef229d6aa42996de1a73a5c17a) Importer(815301076,1909f56bfc062723c751e8b465ee728b)
Start importing Assets/AssetStoreOriginals/_SNAPS_PrototypingAssets/SciFi_Industrial/Prefabs/Structure/Walls/Meshes/Gale_Wall_01_Corner_snaps002.asset using Guid(b6db7aef229d6aa42996de1a73a5c17a) Importer(815301076,1909f56bfc062723c751e8b465ee728b)  -> (artifact id: '7816ae4d8e0cd910a3ca618603e97237') in 0.019578 seconds
  Import took 0.024384 seconds .

========================================================================
Received Import Request.
  Time since last request: 0.000225 seconds.
  path: Assets/AssetStoreOriginals/_SNAPS_PrototypingAssets/SciFi_Industrial/Prefabs/Structure/Walls/Gale_Wall_01_snaps002.prefab
  artifactKey: Guid(d64f573e69fdda34fa09e2633bd328ef) Importer(815301076,1909f56bfc062723c751e8b465ee728b)
Start importing Assets/AssetStoreOriginals/_SNAPS_PrototypingAssets/SciFi_Industrial/Prefabs/Structure/Walls/Gale_Wall_01_snaps002.prefab using Guid(d64f573e69fdda34fa09e2633bd328ef) Importer(815301076,1909f56bfc062723c751e8b465ee728b)  -> (artifact id: '4303f9517349881559a225061ee104f3') in 0.023169 seconds
  Import took 0.031245 seconds .

========================================================================
Received Import Request.
  Time since last request: 0.000433 seconds.
  path: Assets/AssetStoreOriginals/_SNAPS_PrototypingAssets/SciFi_Industrial/Prefabs/Structure/Walls/Quart_Wall_Corner_snaps002.prefab
  artifactKey: Guid(0c6b248aba0b073409356fa124dbe7a1) Importer(815301076,1909f56bfc062723c751e8b465ee728b)
Start importing Assets/AssetStoreOriginals/_SNAPS_PrototypingAssets/SciFi_Industrial/Prefabs/Structure/Walls/Quart_Wall_Corner_snaps002.prefab using Guid(0c6b248aba0b073409356fa124dbe7a1) Importer(815301076,1909f56bfc062723c751e8b465ee728b)  -> (artifact id: 'f092fe37b1f8d5102f31d3c052aa47f0') in 0.021073 seconds
  Import took 0.026270 seconds .

========================================================================
Received Import Request.
  Time since last request: 0.000222 seconds.
  path: Assets/AssetStoreOriginals/_SNAPS_PrototypingAssets/SciFi_Industrial/Prefabs/Structure/Walls/Quart_Wall_snaps002.prefab
  artifactKey: Guid(2b49cf6b0e2134c4a81f3474c005ca8a) Importer(815301076,1909f56bfc062723c751e8b465ee728b)
Start importing Assets/AssetStoreOriginals/_SNAPS_PrototypingAssets/SciFi_Industrial/Prefabs/Structure/Walls/Quart_Wall_snaps002.prefab using Guid(2b49cf6b0e2134c4a81f3474c005ca8a) Importer(815301076,1909f56bfc062723c751e8b465ee728b)  -> (artifact id: 'e550007ec1c2244d1a615ed72fa5a180') in 0.016812 seconds
  Import took 0.021972 seconds .

========================================================================
Received Import Request.
  Time since last request: 0.000238 seconds.
  path: Assets/AssetStoreOriginals/_SNAPS_PrototypingAssets/SciFi_Industrial/Prefabs/Structure/Walls/Deck_WallWindowFrame_01_snaps002.prefab
  artifactKey: Guid(f34eff83f0d13d041a2429cea847b3ff) Importer(815301076,1909f56bfc062723c751e8b465ee728b)
Start importing Assets/AssetStoreOriginals/_SNAPS_PrototypingAssets/SciFi_Industrial/Prefabs/Structure/Walls/Deck_WallWindowFrame_01_snaps002.prefab using Guid(f34eff83f0d13d041a2429cea847b3ff) Importer(815301076,1909f56bfc062723c751e8b465ee728b)  -> (artifact id: '97c9c18d6feb469f3c619f82cfd41e34') in 0.016529 seconds
  Import took 0.019739 seconds .

========================================================================
Received Import Request.
  Time since last request: 0.000158 seconds.
  path: Assets/AssetStoreOriginals/_SNAPS_PrototypingAssets/SciFi_Industrial/Prefabs/Structure/Walls/Meshes/Gale_Wall_02_snaps002.asset
  artifactKey: Guid(4111f1abe13694d4ea4cdab109daf8ef) Importer(815301076,1909f56bfc062723c751e8b465ee728b)
Start importing Assets/AssetStoreOriginals/_SNAPS_PrototypingAssets/SciFi_Industrial/Prefabs/Structure/Walls/Meshes/Gale_Wall_02_snaps002.asset using Guid(4111f1abe13694d4ea4cdab109daf8ef) Importer(815301076,1909f56bfc062723c751e8b465ee728b)  -> (artifact id: 'cac6d8e2128491679fc84e3032c9ec5e') in 0.026232 seconds
  Import took 0.029525 seconds .

========================================================================
Received Import Request.
  Time since last request: 0.000212 seconds.
  path: Assets/AssetStoreOriginals/_SNAPS_PrototypingAssets/SciFi_Industrial/Prefabs/Structure/Walls/Gen_Wall_Joint_snaps002.prefab
  artifactKey: Guid(438b167130b479e40888994050b815e5) Importer(815301076,1909f56bfc062723c751e8b465ee728b)
Start importing Assets/AssetStoreOriginals/_SNAPS_PrototypingAssets/SciFi_Industrial/Prefabs/Structure/Walls/Gen_Wall_Joint_snaps002.prefab using Guid(438b167130b479e40888994050b815e5) Importer(815301076,1909f56bfc062723c751e8b465ee728b)  -> (artifact id: '23195df541d5d911fc9105b5f9c3f480') in 0.015967 seconds
  Import took 0.020395 seconds .

========================================================================
Received Import Request.
  Time since last request: 0.000199 seconds.
  path: Assets/AssetStoreOriginals/_SNAPS_PrototypingAssets/SciFi_Industrial/Prefabs/Structure/Walls/Meshes/Deck_Wall_Corner_Short_Collider.asset
  artifactKey: Guid(109539c893bd54940944dd35e9a1b788) Importer(815301076,1909f56bfc062723c751e8b465ee728b)
Start importing Assets/AssetStoreOriginals/_SNAPS_PrototypingAssets/SciFi_Industrial/Prefabs/Structure/Walls/Meshes/Deck_Wall_Corner_Short_Collider.asset using Guid(109539c893bd54940944dd35e9a1b788) Importer(815301076,1909f56bfc062723c751e8b465ee728b)  -> (artifact id: 'c14904d7780e5ff5cbbf9eaa19a9251d') in 0.016512 seconds
  Import took 0.020625 seconds .

========================================================================
Received Import Request.
  Time since last request: 0.000232 seconds.
  path: Assets/AssetStoreOriginals/_SNAPS_PrototypingAssets/SciFi_Industrial/Prefabs/Structure/Walls/Meshes/Deck_WallWindow_02_snaps002.asset
  artifactKey: Guid(29b7e37a02d8f4d449fe5193f1405ddf) Importer(815301076,1909f56bfc062723c751e8b465ee728b)
Start importing Assets/AssetStoreOriginals/_SNAPS_PrototypingAssets/SciFi_Industrial/Prefabs/Structure/Walls/Meshes/Deck_WallWindow_02_snaps002.asset using Guid(29b7e37a02d8f4d449fe5193f1405ddf) Importer(815301076,1909f56bfc062723c751e8b465ee728b)  -> (artifact id: 'fabaa164b40326be84ee4d7de6fc8c15') in 0.025889 seconds
  Import took 0.030211 seconds .

========================================================================
Received Import Request.
  Time since last request: 0.000173 seconds.
  path: Assets/AssetStoreOriginals/_SNAPS_PrototypingAssets/SciFi_Industrial/Prefabs/Structure/Walls/Meshes/Deck_WallWindowFrame_01_Collider.asset
  artifactKey: Guid(a92d6104d14142b489c6aa44cb7e8202) Importer(815301076,1909f56bfc062723c751e8b465ee728b)
Start importing Assets/AssetStoreOriginals/_SNAPS_PrototypingAssets/SciFi_Industrial/Prefabs/Structure/Walls/Meshes/Deck_WallWindowFrame_01_Collider.asset using Guid(a92d6104d14142b489c6aa44cb7e8202) Importer(815301076,1909f56bfc062723c751e8b465ee728b)  -> (artifact id: '283868669ddce8d4b64c6bcb639e479c') in 0.015025 seconds
  Import took 0.017632 seconds .

========================================================================
Received Import Request.
  Time since last request: 0.000177 seconds.
  path: Assets/AssetStoreOriginals/_SNAPS_PrototypingAssets/SciFi_Industrial/Prefabs/Structure/Walls/Meshes/Hale_Wall_02_Corner_Collider.asset
  artifactKey: Guid(d7a1ba4de3e713d459bbcd37423a3db4) Importer(815301076,1909f56bfc062723c751e8b465ee728b)
Start importing Assets/AssetStoreOriginals/_SNAPS_PrototypingAssets/SciFi_Industrial/Prefabs/Structure/Walls/Meshes/Hale_Wall_02_Corner_Collider.asset using Guid(d7a1ba4de3e713d459bbcd37423a3db4) Importer(815301076,1909f56bfc062723c751e8b465ee728b)  -> (artifact id: '2120e9e029c64824a75ca073d496bc3e') in 0.018412 seconds
  Import took 0.023207 seconds .

========================================================================
Received Import Request.
  Time since last request: 0.000257 seconds.
  path: Assets/AssetStoreOriginals/_SNAPS_PrototypingAssets/SciFi_Industrial/Prefabs/Structure/Walls/Meshes/Hale_Wall_02_snaps002.asset
  artifactKey: Guid(0f0f47a5be1f18a49a1b7279b3bce940) Importer(815301076,1909f56bfc062723c751e8b465ee728b)
Start importing Assets/AssetStoreOriginals/_SNAPS_PrototypingAssets/SciFi_Industrial/Prefabs/Structure/Walls/Meshes/Hale_Wall_02_snaps002.asset using Guid(0f0f47a5be1f18a49a1b7279b3bce940) Importer(815301076,1909f56bfc062723c751e8b465ee728b)  -> (artifact id: '94d9f9313fffb34895e96b4899458eae') in 0.015425 seconds
  Import took 0.019718 seconds .

========================================================================
Received Import Request.
  Time since last request: 0.000179 seconds.
  path: Assets/AssetStoreOriginals/_SNAPS_PrototypingAssets/SciFi_Industrial/Prefabs/Structure/Walls/Hale_Wall_02_snaps002.prefab
  artifactKey: Guid(6acf036e14cf86b4dbc2f4bbc89f7bf0) Importer(815301076,1909f56bfc062723c751e8b465ee728b)
Start importing Assets/AssetStoreOriginals/_SNAPS_PrototypingAssets/SciFi_Industrial/Prefabs/Structure/Walls/Hale_Wall_02_snaps002.prefab using Guid(6acf036e14cf86b4dbc2f4bbc89f7bf0) Importer(815301076,1909f56bfc062723c751e8b465ee728b)  -> (artifact id: '6c16102ea45832a345bf3638dc66289b') in 0.017949 seconds
  Import took 0.021564 seconds .

========================================================================
Received Import Request.
  Time since last request: 0.000178 seconds.
  path: Assets/AssetStoreOriginals/_SNAPS_PrototypingAssets/SciFi_Industrial/Prefabs/Structure/Walls/Quart_WallDoorFrame_01_snaps002.prefab
  artifactKey: Guid(094421f9be446df49b40d4ecedf1d4c2) Importer(815301076,1909f56bfc062723c751e8b465ee728b)
Start importing Assets/AssetStoreOriginals/_SNAPS_PrototypingAssets/SciFi_Industrial/Prefabs/Structure/Walls/Quart_WallDoorFrame_01_snaps002.prefab using Guid(094421f9be446df49b40d4ecedf1d4c2) Importer(815301076,1909f56bfc062723c751e8b465ee728b)  -> (artifact id: '2e791a66a44cf89f87423c58c32d9708') in 0.015164 seconds
  Import took 0.019824 seconds .

========================================================================
Received Import Request.
  Time since last request: 0.000247 seconds.
  path: Assets/AssetStoreOriginals/_SNAPS_PrototypingAssets/SciFi_Industrial/Prefabs/Structure/Walls/Meshes/Deck_WallDoorFrame_02_snaps002.asset
  artifactKey: Guid(b74bb954a9e738440939e3f20e76b82f) Importer(815301076,1909f56bfc062723c751e8b465ee728b)
Start importing Assets/AssetStoreOriginals/_SNAPS_PrototypingAssets/SciFi_Industrial/Prefabs/Structure/Walls/Meshes/Deck_WallDoorFrame_02_snaps002.asset using Guid(b74bb954a9e738440939e3f20e76b82f) Importer(815301076,1909f56bfc062723c751e8b465ee728b)  -> (artifact id: 'e6c6abb44c06a39e0f8c04d2ad90f842') in 0.016633 seconds
  Import took 0.021095 seconds .

========================================================================
Received Import Request.
  Time since last request: 266.025381 seconds.
  path: Assets/AssetStoreOriginals/_SNAPS_PrototypingAssets/SciFi_Industrial/Prefabs/Structure/Doors_Windows/Deck_Door_01_snaps002.prefab
  artifactKey: Guid(d84d9aca57d04ea4d96509c40be8b8b4) Importer(815301076,1909f56bfc062723c751e8b465ee728b)
Start importing Assets/AssetStoreOriginals/_SNAPS_PrototypingAssets/SciFi_Industrial/Prefabs/Structure/Doors_Windows/Deck_Door_01_snaps002.prefab using Guid(d84d9aca57d04ea4d96509c40be8b8b4) Importer(815301076,1909f56bfc062723c751e8b465ee728b)  -> (artifact id: '22d3f97b805bc2322b4c091573af789c') in 0.015586 seconds
  Import took 0.019324 seconds .

========================================================================
Received Import Request.
  Time since last request: 0.000276 seconds.
  path: Assets/AssetStoreOriginals/_SNAPS_PrototypingAssets/SciFi_Industrial/Prefabs/Structure/Doors_Windows/Quart_Door_01_snaps002.prefab
  artifactKey: Guid(691269d06a74ab245ae4360e978425bd) Importer(815301076,1909f56bfc062723c751e8b465ee728b)
Start importing Assets/AssetStoreOriginals/_SNAPS_PrototypingAssets/SciFi_Industrial/Prefabs/Structure/Doors_Windows/Quart_Door_01_snaps002.prefab using Guid(691269d06a74ab245ae4360e978425bd) Importer(815301076,1909f56bfc062723c751e8b465ee728b)  -> (artifact id: 'b11e20985fce04ddff3177f1f5bacb6a') in 0.017359 seconds
  Import took 0.021117 seconds .

========================================================================
Received Import Request.
  Time since last request: 0.000388 seconds.
  path: Assets/AssetStoreOriginals/_SNAPS_PrototypingAssets/SciFi_Industrial/Prefabs/Structure/Doors_Windows/Gen_Door_01_snaps002.prefab
  artifactKey: Guid(24f3bfb6ffbd4e449a23c62225e14873) Importer(815301076,1909f56bfc062723c751e8b465ee728b)
Start importing Assets/AssetStoreOriginals/_SNAPS_PrototypingAssets/SciFi_Industrial/Prefabs/Structure/Doors_Windows/Gen_Door_01_snaps002.prefab using Guid(24f3bfb6ffbd4e449a23c62225e14873) Importer(815301076,1909f56bfc062723c751e8b465ee728b)  -> (artifact id: '7d30f0a45ba5bac2f0b56f375e80bafb') in 0.051187 seconds
  Import took 0.055043 seconds .

========================================================================
Received Import Request.
  Time since last request: 0.000316 seconds.
  path: Assets/AssetStoreOriginals/_SNAPS_PrototypingAssets/SciFi_Industrial/Prefabs/Structure/Doors_Windows/Deck_Door_02_snaps002.prefab
  artifactKey: Guid(79298396da72aeb4a9dbe792d38ccf1f) Importer(815301076,1909f56bfc062723c751e8b465ee728b)
Start importing Assets/AssetStoreOriginals/_SNAPS_PrototypingAssets/SciFi_Industrial/Prefabs/Structure/Doors_Windows/Deck_Door_02_snaps002.prefab using Guid(79298396da72aeb4a9dbe792d38ccf1f) Importer(815301076,1909f56bfc062723c751e8b465ee728b)  -> (artifact id: '7e2214542668613b7ed5b7440360e777') in 0.019630 seconds
  Import took 0.024286 seconds .

========================================================================
Received Import Request.
  Time since last request: 96.459606 seconds.
  path: Assets/AssetStoreOriginals/_SNAPS_PrototypingAssets/SciFi_Industrial/Prefabs/NestedPrefabs/Deck_Floor_01_3X3.prefab
  artifactKey: Guid(4c774ccb36270434caf72b6a59424109) Importer(815301076,1909f56bfc062723c751e8b465ee728b)
Start importing Assets/AssetStoreOriginals/_SNAPS_PrototypingAssets/SciFi_Industrial/Prefabs/NestedPrefabs/Deck_Floor_01_3X3.prefab using Guid(4c774ccb36270434caf72b6a59424109) Importer(815301076,1909f56bfc062723c751e8b465ee728b)  -> (artifact id: '66cee22973d8bbbc75a1f1ef6f8f414c') in 0.018110 seconds
  Import took 0.021123 seconds .

========================================================================
Received Import Request.
  Time since last request: 0.000291 seconds.
  path: Assets/AssetStoreOriginals/_SNAPS_PrototypingAssets/SciFi_Industrial/Prefabs/NestedPrefabs/Doorway_Balcony_3X1.prefab
  artifactKey: Guid(f0075f9ff8684d2498269202fd7753ee) Importer(815301076,1909f56bfc062723c751e8b465ee728b)
Start importing Assets/AssetStoreOriginals/_SNAPS_PrototypingAssets/SciFi_Industrial/Prefabs/NestedPrefabs/Doorway_Balcony_3X1.prefab using Guid(f0075f9ff8684d2498269202fd7753ee) Importer(815301076,1909f56bfc062723c751e8b465ee728b)  -> (artifact id: '915b7230f3cd03407da48ec4ad6866d2') in 0.026873 seconds
  Import took 0.031680 seconds .

========================================================================
Received Import Request.
  Time since last request: 0.000370 seconds.
  path: Assets/AssetStoreOriginals/_SNAPS_PrototypingAssets/SciFi_Industrial/Prefabs/NestedPrefabs/Deck_Wall_3X1.prefab
  artifactKey: Guid(589f6cb4dfbeb4b49a340d9c25d63c17) Importer(815301076,1909f56bfc062723c751e8b465ee728b)
Start importing Assets/AssetStoreOriginals/_SNAPS_PrototypingAssets/SciFi_Industrial/Prefabs/NestedPrefabs/Deck_Wall_3X1.prefab using Guid(589f6cb4dfbeb4b49a340d9c25d63c17) Importer(815301076,1909f56bfc062723c751e8b465ee728b)  -> (artifact id: '4fb83f9dbe32da2bdcb788881b8b376e') in 0.047816 seconds
  Import took 0.051708 seconds .

========================================================================
Received Import Request.
  Time since last request: 0.000328 seconds.
  path: Assets/AssetStoreOriginals/_SNAPS_PrototypingAssets/SciFi_Industrial/Prefabs/NestedPrefabs/Supports.prefab
  artifactKey: Guid(d79e9a4b5e5e8e3479f244f390a66b57) Importer(815301076,1909f56bfc062723c751e8b465ee728b)
Start importing Assets/AssetStoreOriginals/_SNAPS_PrototypingAssets/SciFi_Industrial/Prefabs/NestedPrefabs/Supports.prefab using Guid(d79e9a4b5e5e8e3479f244f390a66b57) Importer(815301076,1909f56bfc062723c751e8b465ee728b)  -> (artifact id: '49e5ee0b31cc6b6ee2c4759050cec59f') in 0.026520 seconds
  Import took 0.031416 seconds .

========================================================================
Received Import Request.
  Time since last request: 0.000263 seconds.
  path: Assets/AssetStoreOriginals/_SNAPS_PrototypingAssets/SciFi_Industrial/Prefabs/NestedPrefabs/Wall_Balcony_3X1.prefab
  artifactKey: Guid(6162963469b806c479d6799947b9be2b) Importer(815301076,1909f56bfc062723c751e8b465ee728b)
Start importing Assets/AssetStoreOriginals/_SNAPS_PrototypingAssets/SciFi_Industrial/Prefabs/NestedPrefabs/Wall_Balcony_3X1.prefab using Guid(6162963469b806c479d6799947b9be2b) Importer(815301076,1909f56bfc062723c751e8b465ee728b)  -> (artifact id: 'a97451961aed94fc1020309d28fe5b5f') in 0.032105 seconds
  Import took 0.036137 seconds .

========================================================================
Received Import Request.
  Time since last request: 0.000245 seconds.
  path: Assets/AssetStoreOriginals/_SNAPS_PrototypingAssets/SciFi_Industrial/Prefabs/NestedPrefabs/PowerSpot.prefab
  artifactKey: Guid(537a5e593a1df744285a671e7570742c) Importer(815301076,1909f56bfc062723c751e8b465ee728b)
Start importing Assets/AssetStoreOriginals/_SNAPS_PrototypingAssets/SciFi_Industrial/Prefabs/NestedPrefabs/PowerSpot.prefab using Guid(537a5e593a1df744285a671e7570742c) Importer(815301076,1909f56bfc062723c751e8b465ee728b)  -> (artifact id: '118c73264d7db229044fb92d92767788') in 0.048329 seconds
  Import took 0.051989 seconds .

========================================================================
Received Import Request.
  Time since last request: 0.000379 seconds.
  path: Assets/AssetStoreOriginals/_SNAPS_PrototypingAssets/SciFi_Industrial/Prefabs/NestedPrefabs/Stairway_Balcony_3X1.prefab
  artifactKey: Guid(a24a1ab7f3b926a47b003a6260ffd84d) Importer(815301076,1909f56bfc062723c751e8b465ee728b)
Start importing Assets/AssetStoreOriginals/_SNAPS_PrototypingAssets/SciFi_Industrial/Prefabs/NestedPrefabs/Stairway_Balcony_3X1.prefab using Guid(a24a1ab7f3b926a47b003a6260ffd84d) Importer(815301076,1909f56bfc062723c751e8b465ee728b)  -> (artifact id: 'd4a78b3a44786fdf76e39d33fb31acfe') in 0.027363 seconds
  Import took 0.032256 seconds .

========================================================================
Received Import Request.
  Time since last request: 215.868591 seconds.
  path: Assets/Prefabs/balcone con sbarre.prefab
  artifactKey: Guid(dbcbd91ca05477942acae9b1ab49f49f) Importer(815301076,1909f56bfc062723c751e8b465ee728b)
Start importing Assets/Prefabs/balcone con sbarre.prefab using Guid(dbcbd91ca05477942acae9b1ab49f49f) Importer(815301076,1909f56bfc062723c751e8b465ee728b)  -> (artifact id: 'e8556e89454199f7da80d6f66cffe476') in 0.024800 seconds
  Import took 0.028181 seconds .

========================================================================
Received Import Request.
  Time since last request: 0.000362 seconds.
  path: Assets/Prefabs/electric cannons gate.prefab
  artifactKey: Guid(a75670d8e79480f82bcf0eae72853400) Importer(815301076,1909f56bfc062723c751e8b465ee728b)
Start importing Assets/Prefabs/electric cannons gate.prefab using Guid(a75670d8e79480f82bcf0eae72853400) Importer(815301076,1909f56bfc062723c751e8b465ee728b)  -> (artifact id: 'cebff92447dda52e8cd1a5302e6c1c09') in 0.113596 seconds
  Import took 0.118208 seconds .

========================================================================
Received Import Request.
  Time since last request: 0.000297 seconds.
  path: Assets/Prefabs/Deck_WallWindowFrame_01_MickMADE.prefab
  artifactKey: Guid(49319d15834bfba4286fe33cb2194b88) Importer(815301076,1909f56bfc062723c751e8b465ee728b)
Start importing Assets/Prefabs/Deck_WallWindowFrame_01_MickMADE.prefab using Guid(49319d15834bfba4286fe33cb2194b88) Importer(815301076,1909f56bfc062723c751e8b465ee728b)  -> (artifact id: '51bcb10ae3084cd7034dd140aeebe6a5') in 0.021513 seconds
  Import took 0.026745 seconds .

========================================================================
Received Import Request.
  Time since last request: 0.000410 seconds.
  path: Assets/Prefabs/plate.prefab
  artifactKey: Guid(b15a088354b900d4bb87b68eebb9f899) Importer(815301076,1909f56bfc062723c751e8b465ee728b)
Start importing Assets/Prefabs/plate.prefab using Guid(b15a088354b900d4bb87b68eebb9f899) Importer(815301076,1909f56bfc062723c751e8b465ee728b)  -> (artifact id: '759b7b807476d82bc4fe398e080bcbac') in 0.041538 seconds
  Import took 0.047171 seconds .

========================================================================
Received Import Request.
  Time since last request: 0.000328 seconds.
  path: Assets/Prefabs/electric cannon.prefab
  artifactKey: Guid(623a94a8efb2adc44911bc2bded7a566) Importer(815301076,1909f56bfc062723c751e8b465ee728b)
Start importing Assets/Prefabs/electric cannon.prefab using Guid(623a94a8efb2adc44911bc2bded7a566) Importer(815301076,1909f56bfc062723c751e8b465ee728b)  -> (artifact id: '611281dd3ac8df6840c7541334558bc2') in 0.042586 seconds
  Import took 0.049406 seconds .

========================================================================
Received Import Request.
  Time since last request: 0.000434 seconds.
  path: Assets/Prefabs/Rotating_Platform.prefab
  artifactKey: Guid(92f4d65e8f3d444379041f415a8f5238) Importer(815301076,1909f56bfc062723c751e8b465ee728b)
Start importing Assets/Prefabs/Rotating_Platform.prefab using Guid(92f4d65e8f3d444379041f415a8f5238) Importer(815301076,1909f56bfc062723c751e8b465ee728b)  -> (artifact id: 'aaaa764157178b98bd841f00ce8e2661') in 0.025195 seconds
  Import took 0.029160 seconds .

========================================================================
Received Import Request.
  Time since last request: 0.000290 seconds.
  path: Assets/Prefabs/electric cannon.prefab
  artifactKey: Guid(623a94a8efb2adc44911bc2bded7a566) Importer(815301076,1909f56bfc062723c751e8b465ee728b)
Start importing Assets/Prefabs/electric cannon.prefab using Guid(623a94a8efb2adc44911bc2bded7a566) Importer(815301076,1909f56bfc062723c751e8b465ee728b)  -> (artifact id: '611281dd3ac8df6840c7541334558bc2') in 0.029805 seconds
  Import took 0.035115 seconds .

========================================================================
Received Prepare
Registering precompiled user dll's ...
Registered in 0.001481 seconds.
Begin MonoManager ReloadAssembly
Native extension for WindowsStandalone target not found
Refreshing native plugins compatible for Editor in 0.52 ms, found 0 plugins.
Preloading 0 native plugins for Editor in 0.00 ms.
Warning: Annotation not found!
UnityEngine.StackTraceUtility:ExtractStackTrace ()
UnityEditor.ProBuilder.EditorUtility:SetGizmoIconEnabled (System.Type,bool) (at Library/PackageCache/com.unity.probuilder@5.0.1/Editor/EditorCore/EditorUtility.cs:575)
UnityEditor.ProBuilder.HierarchyListener:.cctor () (at Library/PackageCache/com.unity.probuilder@5.0.1/Editor/EditorCore/HierarchyListener.cs:21)
System.Runtime.CompilerServices.RuntimeHelpers:RunClassConstructor (System.RuntimeTypeHandle)
UnityEditor.EditorAssemblies:ProcessInitializeOnLoadAttributes (System.Type[])

[Library/PackageCache/com.unity.probuilder@5.0.1/Editor/EditorCore/EditorUtility.cs line 575]

Invoked RoslynAnalysisRunner static constructor.
RoslynAnalysisRunner will not be running.
RoslynAnalysisRunner has terminated.
Mono: successfully reloaded assembly
- Completed reload, in  0.948 seconds
Platform modules already initialized, skipping
Refreshing native plugins compatible for Editor in 0.62 ms, found 0 plugins.
Preloading 0 native plugins for Editor in 0.00 ms.
Unloading 1559 Unused Serialized files (Serialized files now loaded: 0)
System memory in use before: 79.6 MB.
System memory in use after: 79.6 MB.

Unloading 9 unused Assets to reduce memory usage. Loaded Objects now: 2050.
Total: 9.194500 ms (FindLiveObjects: 0.579100 ms CreateObjectMapping: 0.202800 ms MarkObjects: 7.969000 ms  DeleteObjects: 0.440000 ms)

AssetImportWorkerClient::OnTransportError - code=2 error=End of file
