Using pre-set license
Desktop is 3840 x 1080 @ 60 Hz

 COMMAND LINE ARGUMENTS:
Unity
-adb2
-batchMode
-noUpm
-name
AssetImportWorker0
-projectPath
/home/pasquale/Scrivania/virtual_reality/Progetto_Virtual_Reality/Progetto_VR
-logFile
Logs/AssetImportWorker0.log
-srvPort
36131
Successfully changed project path to: /home/pasquale/Scrivania/virtual_reality/Progetto_Virtual_Reality/Progetto_VR
/home/pasquale/Scrivania/virtual_reality/Progetto_Virtual_Reality/Progetto_VR
Using Asset Import Pipeline V2.
Refreshing native plugins compatible for Editor in 220,34 ms, found 0 plugins.
Preloading 0 native plugins for Editor in 0,00 ms.
Initialize engine version: 2020.3.1f1 (77a89f25062f)
[Subsystems] Discovering subsystems at path /home/pasquale/2020.3.1f1/Editor/Data/Resources/UnitySubsystems
[Subsystems] Discovering subsystems at path /home/pasquale/Scrivania/virtual_reality/Progetto_Virtual_Reality/Progetto_VR/Assets
GLX Extensions: GLX_EXT_visual_info GLX_EXT_visual_rating GLX_EXT_import_context GLX_SGIX_fbconfig GLX_SGIX_pbuffer GLX_SGI_video_sync GLX_SGI_swap_control GLX_EXT_swap_control GLX_EXT_swap_control_tear GLX_EXT_texture_from_pixmap GLX_EXT_buffer_age GLX_ARB_create_context GLX_ARB_create_context_profile GLX_EXT_create_context_es_profile GLX_EXT_create_context_es2_profile GLX_ARB_create_context_no_error GLX_ARB_create_context_robustness GLX_NV_delay_before_swap GLX_EXT_stereo_tree GLX_ARB_context_flush_control GLX_NV_robustness_video_memory_purge GLX_NV_multigpu_context GLX_ARB_multisample GLX_NV_float_buffer GLX_ARB_fbconfig_float GLX_EXT_framebuffer_sRGB GLX_NV_copy_image GLX_ARB_get_proc_address 
Renderer: GeForce GTX 950M/PCIe/SSE2
Vendor:   NVIDIA Corporation
Version:  4.5.0 NVIDIA 460.73.01
GLES:     0
 GL_AMD_multi_draw_indirect GL_AMD_seamless_cubemap_per_texture GL_ARB_arrays_of_arrays GL_ARB_base_instance GL_ARB_bindless_texture GL_ARB_blend_func_extended GL_ARB_buffer_storage GL_ARB_clear_buffer_object GL_ARB_clear_texture GL_ARB_clip_control GL_ARB_color_buffer_float GL_ARB_compressed_texture_pixel_storage GL_ARB_conservative_depth GL_ARB_compute_shader GL_ARB_compute_variable_group_size GL_ARB_conditional_render_inverted GL_ARB_copy_buffer GL_ARB_copy_image GL_ARB_cull_distance GL_ARB_debug_output GL_ARB_depth_buffer_float GL_ARB_depth_clamp GL_ARB_depth_texture GL_ARB_derivative_control GL_ARB_direct_state_access GL_ARB_draw_buffers GL_ARB_draw_buffers_blend GL_ARB_draw_indirect GL_ARB_draw_elements_base_vertex GL_ARB_draw_instanced GL_ARB_enhanced_layouts GL_ARB_ES2_compatibility GL_ARB_ES3_compatibility GL_ARB_ES3_1_compatibility GL_ARB_ES3_2_compatibility GL_ARB_explicit_attrib_location GL_ARB_explicit_uniform_location GL_ARB_fragment_coord_conventions GL_ARB_fragment_layer_viewport GL_ARB_fragm
ent_program GL_ARB_fragment_program_shadow GL_ARB_fragment_shader GL_ARB_framebuffer_no_attachments GL_ARB_framebuffer_object GL_ARB_framebuffer_sRGB GL_ARB_geometry_shader4 GL_ARB_get_program_binary GL_ARB_get_texture_sub_image GL_ARB_gl_spirv GL_ARB_gpu_shader5 GL_ARB_gpu_shader_fp64 GL_ARB_gpu_shader_int64 GL_ARB_half_float_pixel GL_ARB_half_float_vertex GL_ARB_imaging GL_ARB_indirect_parameters GL_ARB_instanced_arrays GL_ARB_internalformat_query GL_ARB_internalformat_query2 GL_ARB_invalidate_subdata GL_ARB_map_buffer_alignment GL_ARB_map_buffer_range GL_ARB_multi_bind GL_ARB_multi_draw_indirect GL_ARB_multisample GL_ARB_multitexture GL_ARB_occlusion_query GL_ARB_occlusion_query2 GL_ARB_parallel_shader_compile GL_ARB_pipeline_statistics_query GL_ARB_pixel_buffer_object GL_ARB_point_parameters GL_ARB_point_sprite GL_ARB_polygon_offset_clamp GL_ARB_program_interface_query GL_ARB_provoking_vertex GL_ARB_query_buffer_object GL_ARB_robust_buffer_access_behavior GL_ARB_robustness GL_ARB_sample_shading GL_ARB_sa
mpler_objects GL_ARB_seamless_cube_map GL_ARB_seamless_cubemap_per_texture GL_ARB_separate_shader_objects GL_ARB_shader_atomic_counter_ops GL_ARB_shader_atomic_counters GL_ARB_shader_ballot GL_ARB_shader_bit_encoding GL_ARB_shader_clock GL_ARB_shader_draw_parameters GL_ARB_shader_group_vote GL_ARB_shader_image_load_store GL_ARB_shader_image_size GL_ARB_shader_objects GL_ARB_shader_precision GL_ARB_shader_storage_buffer_object GL_ARB_shader_subroutine GL_ARB_shader_texture_image_samples GL_ARB_shader_texture_lod GL_ARB_shading_language_100 GL_ARB_shading_language_420pack GL_ARB_shading_language_include GL_ARB_shading_language_packing GL_ARB_shadow GL_ARB_sparse_buffer GL_ARB_sparse_texture GL_ARB_spirv_extensions GL_ARB_stencil_texturing GL_ARB_sync GL_ARB_tessellation_shader GL_ARB_texture_barrier GL_ARB_texture_border_clamp GL_ARB_texture_buffer_object GL_ARB_texture_buffer_object_rgb32 GL_ARB_texture_buffer_range GL_ARB_texture_compression GL_ARB_texture_compression_bptc GL_ARB_texture_compression_rgtc GL_
ARB_texture_cube_map GL_ARB_texture_cube_map_array GL_ARB_texture_env_add GL_ARB_texture_env_combine GL_ARB_texture_env_crossbar GL_ARB_texture_env_dot3 GL_ARB_texture_filter_anisotropic GL_ARB_texture_float GL_ARB_texture_gather GL_ARB_texture_mirror_clamp_to_edge GL_ARB_texture_mirrored_repeat GL_ARB_texture_multisample GL_ARB_texture_non_power_of_two GL_ARB_texture_query_levels GL_ARB_texture_query_lod GL_ARB_texture_rectangle GL_ARB_texture_rg GL_ARB_texture_rgb10_a2ui GL_ARB_texture_stencil8 GL_ARB_texture_storage GL_ARB_texture_storage_multisample GL_ARB_texture_swizzle GL_ARB_texture_view GL_ARB_timer_query GL_ARB_transform_feedback2 GL_ARB_transform_feedback3 GL_ARB_transform_feedback_instanced GL_ARB_transform_feedback_overflow_query GL_ARB_transpose_matrix GL_ARB_uniform_buffer_object GL_ARB_vertex_array_bgra GL_ARB_vertex_array_object GL_ARB_vertex_attrib_64bit GL_ARB_vertex_attrib_binding GL_ARB_vertex_buffer_object GL_ARB_vertex_program GL_ARB_vertex_shader GL_ARB_vertex_type_10f_11f_11f_rev GL_
ARB_vertex_type_2_10_10_10_rev GL_ARB_viewport_array GL_ARB_window_pos GL_ATI_draw_buffers GL_ATI_texture_float GL_ATI_texture_mirror_once GL_S3_s3tc GL_EXT_texture_env_add GL_EXT_abgr GL_EXT_bgra GL_EXT_bindable_uniform GL_EXT_blend_color GL_EXT_blend_equation_separate GL_EXT_blend_func_separate GL_EXT_blend_minmax GL_EXT_blend_subtract GL_EXT_compiled_vertex_array GL_EXT_Cg_shader GL_EXT_depth_bounds_test GL_EXT_direct_state_access GL_EXT_draw_buffers2 GL_EXT_draw_instanced GL_EXT_draw_range_elements GL_EXT_fog_coord GL_EXT_framebuffer_blit GL_EXT_framebuffer_multisample GL_EXTX_framebuffer_mixed_formats GL_EXT_framebuffer_multisample_blit_scaled GL_EXT_framebuffer_object GL_EXT_framebuffer_sRGB GL_EXT_geometry_shader4 GL_EXT_gpu_program_parameters GL_EXT_gpu_shader4 GL_EXT_multi_draw_arrays GL_EXT_multiview_texture_multisample GL_EXT_multiview_timer_query GL_EXT_packed_depth_stencil GL_EXT_packed_float GL_EXT_packed_pixels GL_EXT_pixel_buffer_object GL_EXT_point_parameters GL_EXT_polygon_offset_clamp GL_E
XT_provoking_vertex GL_EXT_rescale_normal GL_EXT_secondary_color GL_EXT_separate_shader_objects GL_EXT_separate_specular_color GL_EXT_shader_image_load_formatted GL_EXT_shader_image_load_store GL_EXT_shader_integer_mix GL_EXT_shadow_funcs GL_EXT_stencil_two_side GL_EXT_stencil_wrap GL_EXT_texture3D GL_EXT_texture_array GL_EXT_texture_buffer_object GL_EXT_texture_compression_dxt1 GL_EXT_texture_compression_latc GL_EXT_texture_compression_rgtc GL_EXT_texture_compression_s3tc GL_EXT_texture_cube_map GL_EXT_texture_edge_clamp GL_EXT_texture_env_combine GL_EXT_texture_env_dot3 GL_EXT_texture_filter_anisotropic GL_EXT_texture_integer GL_EXT_texture_lod GL_EXT_texture_lod_bias GL_EXT_texture_mirror_clamp GL_EXT_texture_object GL_EXT_texture_shadow_lod GL_EXT_texture_shared_exponent GL_EXT_texture_sRGB GL_EXT_texture_sRGB_R8 GL_EXT_texture_sRGB_decode GL_EXT_texture_storage GL_EXT_texture_swizzle GL_EXT_timer_query GL_EXT_transform_feedback2 GL_EXT_vertex_array GL_EXT_vertex_array_bgra GL_EXT_vertex_attrib_64bit GL_
EXT_window_rectangles GL_EXT_x11_sync_object GL_EXT_import_sync_object GL_NV_robustness_video_memory_purge GL_IBM_rasterpos_clip GL_IBM_texture_mirrored_repeat GL_KHR_context_flush_control GL_KHR_debug GL_EXT_memory_object GL_EXT_memory_object_fd GL_KHR_parallel_shader_compile GL_KHR_no_error GL_KHR_robust_buffer_access_behavior GL_KHR_robustness GL_EXT_semaphore GL_EXT_semaphore_fd GL_NV_timeline_semaphore GL_KHR_shader_subgroup GL_KTX_buffer_region GL_NV_alpha_to_coverage_dither_control GL_NV_bindless_multi_draw_indirect GL_NV_bindless_multi_draw_indirect_count GL_NV_bindless_texture GL_NV_blend_equation_advanced GL_NV_blend_equation_advanced_coherent GL_NV_blend_minmax_factor GL_NV_blend_square GL_NV_command_list GL_NV_compute_program5 GL_NV_conditional_render GL_NV_copy_depth_to_color GL_NV_copy_image GL_NV_depth_buffer_float GL_NV_depth_clamp GL_NV_draw_texture GL_NV_draw_vulkan_image GL_NV_ES1_1_compatibility GL_NV_ES3_1_compatibility GL_NV_explicit_multisample GL_NV_feature_query GL_NV_fence GL_NV_flo
at_buffer GL_NV_fog_distance GL_NV_fragment_program GL_NV_fragment_program_option GL_NV_fragment_program2 GL_NV_framebuffer_multisample_coverage GL_NV_geometry_shader4 GL_NV_gpu_program4 GL_NV_internalformat_sample_query GL_NV_gpu_program4_1 GL_NV_gpu_program5 GL_NV_gpu_program5_mem_extended GL_NV_gpu_program_fp64 GL_NV_gpu_shader5 GL_NV_half_float GL_NV_light_max_exponent GL_NV_multisample_coverage GL_NV_multisample_filter_hint GL_NV_occlusion_query GL_NV_packed_depth_stencil GL_NV_parameter_buffer_object GL_NV_parameter_buffer_object2 GL_NV_path_rendering GL_NV_pixel_data_range GL_NV_point_sprite GL_NV_primitive_restart GL_NV_query_resource GL_NV_query_resource_tag GL_NV_register_combiners GL_NV_register_combiners2 GL_NV_shader_atomic_counters GL_NV_shader_atomic_float GL_NV_shader_atomic_int64 GL_NV_shader_buffer_load GL_NV_shader_storage_buffer_object GL_NV_shader_subgroup_partitioned GL_NV_texgen_reflection GL_NV_texture_barrier GL_NV_texture_compression_vtc GL_NV_texture_env_combine4 GL_NV_texture_mult
isample GL_NV_texture_rectangle GL_NV_texture_rectangle_compressed GL_NV_texture_shader GL_NV_texture_shader2 GL_NV_texture_shader3 GL_NV_transform_feedback GL_NV_transform_feedback2 GL_NV_uniform_buffer_unified_memory GL_NV_vdpau_interop GL_NV_vdpau_interop2 GL_NV_vertex_array_range GL_NV_vertex_array_range2 GL_NV_vertex_attrib_integer_64bit GL_NV_vertex_buffer_unified_memory GL_NV_vertex_program GL_NV_vertex_program1_1 GL_NV_vertex_program2 GL_NV_vertex_program2_option GL_NV_vertex_program3 GL_NVX_conditional_render GL_NV_gpu_multicast GL_NVX_progress_fence GL_NVX_gpu_memory_info GL_NVX_nvenc_interop GL_NV_shader_thread_group GL_NV_shader_thread_shuffle GL_KHR_blend_equation_advanced GL_KHR_blend_equation_advanced_coherent GL_OVR_multiview GL_OVR_multiview2 GL_SGIS_generate_mipmap GL_SGIS_texture_lod GL_SGIX_depth_texture GL_SGIX_shadow GL_SUN_slice_accum
OPENGL LOG: Creating OpenGL 4.5 graphics device ; Context level  <OpenGL 4.5> ; Context handle -184130040
Initialize mono
Mono path[0] = '/home/pasquale/2020.3.1f1/Editor/Data/Managed'
Mono path[1] = '/home/pasquale/2020.3.1f1/Editor/Data/MonoBleedingEdge/lib/mono/unityjit'
Mono config path = '/home/pasquale/2020.3.1f1/Editor/Data/MonoBleedingEdge/etc'
Using monoOptions --debugger-agent=transport=dt_socket,embedding=1,server=y,suspend=n,address=127.0.0.1:56371
Begin MonoManager ReloadAssembly
Registering precompiled unity dll's ...
Register platform support module: /home/pasquale/2020.3.1f1/Editor/Data/PlaybackEngines/LinuxStandaloneSupport/UnityEditor.LinuxStandalone.Extensions.dll
Registered in 0,001515 seconds.
Native extension for LinuxStandalone target not found
Refreshing native plugins compatible for Editor in 82,94 ms, found 0 plugins.
Preloading 0 native plugins for Editor in 0,00 ms.
Invoked RoslynAnalysisRunner static constructor.
RoslynAnalysisRunner will not be running.
RoslynAnalysisRunner has terminated.
Mono: successfully reloaded assembly
- Completed reload, in  2,064 seconds
Platform modules already initialized, skipping
Registering precompiled user dll's ...
Registered in 0,001350 seconds.
Begin MonoManager ReloadAssembly
Native extension for LinuxStandalone target not found
Refreshing native plugins compatible for Editor in 0,61 ms, found 0 plugins.
Preloading 0 native plugins for Editor in 0,00 ms.
Invoked RoslynAnalysisRunner static constructor.
RoslynAnalysisRunner will not be running.
RoslynAnalysisRunner has terminated.
Mono: successfully reloaded assembly
- Completed reload, in  1,556 seconds
Platform modules already initialized, skipping
========================================================================
Worker process is ready to serve import requests
Launched and connected shader compiler UnityShaderCompiler after 0.01 seconds
Refreshing native plugins compatible for Editor in 0,78 ms, found 0 plugins.
Preloading 0 native plugins for Editor in 0,00 ms.
Unloading 1613 Unused Serialized files (Serialized files now loaded: 0)
System memory in use before: 73,6 MB.
System memory in use after: 73,2 MB.

Unloading 75 unused Assets to reduce memory usage. Loaded Objects now: 2061.
Total: 4,562414 ms (FindLiveObjects: 0,295008 ms CreateObjectMapping: 0,092354 ms MarkObjects: 3,676476 ms  DeleteObjects: 0,496586 ms)

========================================================================
Received Import Request.
  path: Assets/Prefabs/plate.prefab
  artifactKey: Guid(b15a088354b900d4bb87b68eebb9f899) Importer(815301076,1909f56bfc062723c751e8b465ee728b)
Start importing Assets/Prefabs/plate.prefab using Guid(b15a088354b900d4bb87b68eebb9f899) Importer(815301076,1909f56bfc062723c751e8b465ee728b)  -> (artifact id: '897dd7e076f0231027d677e1b5de3b9f') in 0,129478 seconds
  Import took 0,134191 seconds .

========================================================================
Received Import Request.
  Time since last request: 0,000281 seconds.
  path: Assets/Prefabs/electric cannons gate.prefab
  artifactKey: Guid(a75670d8e79480f82bcf0eae72853400) Importer(815301076,1909f56bfc062723c751e8b465ee728b)
Start importing Assets/Prefabs/electric cannons gate.prefab using Guid(a75670d8e79480f82bcf0eae72853400) Importer(815301076,1909f56bfc062723c751e8b465ee728b)  -> (artifact id: '62bf526b25d79db03a08fa3fb0b93e7e') in 0,057282 seconds
  Import took 0,065115 seconds .

========================================================================
Received Import Request.
  Time since last request: 0,000959 seconds.
  path: Assets/Prefabs/Pillar.prefab
  artifactKey: Guid(576319cc05677ee1382781bcedf50d43) Importer(815301076,1909f56bfc062723c751e8b465ee728b)
Start importing Assets/Prefabs/Pillar.prefab using Guid(576319cc05677ee1382781bcedf50d43) Importer(815301076,1909f56bfc062723c751e8b465ee728b)  -> (artifact id: '6c380c1bfa7e72ba022052ecf6b168a8') in 0,038452 seconds
  Import took 0,042932 seconds .

========================================================================
Received Import Request.
  Time since last request: 0,000186 seconds.
  path: Assets/Prefabs/stanza 7.prefab
  artifactKey: Guid(63e6e9f1fdcd248409035fd476e7401c) Importer(815301076,1909f56bfc062723c751e8b465ee728b)
Start importing Assets/Prefabs/stanza 7.prefab using Guid(63e6e9f1fdcd248409035fd476e7401c) Importer(815301076,1909f56bfc062723c751e8b465ee728b)  -> (artifact id: 'eb78cf9ea3d357cb4b09298d23a57ce1') in 0,119099 seconds
  Import took 0,133567 seconds .

========================================================================
Received Import Request.
  Time since last request: 0,000235 seconds.
  path: Assets/Prefabs/Rotating_Platform.prefab
  artifactKey: Guid(92f4d65e8f3d444379041f415a8f5238) Importer(815301076,1909f56bfc062723c751e8b465ee728b)
Start importing Assets/Prefabs/Rotating_Platform.prefab using Guid(92f4d65e8f3d444379041f415a8f5238) Importer(815301076,1909f56bfc062723c751e8b465ee728b)  -> (artifact id: '1679aec3a1ea83b5598e0af15a3901d0') in 0,014706 seconds
  Import took 0,020204 seconds .

========================================================================
Received Import Request.
  Time since last request: 0,000265 seconds.
  path: Assets/Prefabs/Ventolone con base.prefab
  artifactKey: Guid(c162866f6fc01e641bc17ed8cfe1b099) Importer(815301076,1909f56bfc062723c751e8b465ee728b)
Start importing Assets/Prefabs/Ventolone con base.prefab using Guid(c162866f6fc01e641bc17ed8cfe1b099) Importer(815301076,1909f56bfc062723c751e8b465ee728b)  -> (artifact id: 'c3da0769e005b0dc35ab5c9a23f7952f') in 0,017481 seconds
  Import took 0,024470 seconds .

========================================================================
Received Import Request.
  Time since last request: 0,000242 seconds.
  path: Assets/Prefabs/Ventolone.prefab
  artifactKey: Guid(0a03d117a2488dc379dc3a0ba48d7cb6) Importer(815301076,1909f56bfc062723c751e8b465ee728b)
Start importing Assets/Prefabs/Ventolone.prefab using Guid(0a03d117a2488dc379dc3a0ba48d7cb6) Importer(815301076,1909f56bfc062723c751e8b465ee728b)  -> (artifact id: '2994d9a7f06e48bba68a6d77df647a4c') in 0,012312 seconds
  Import took 0,021218 seconds .

========================================================================
Received Prepare
Registering precompiled user dll's ...
Registered in 0,001321 seconds.
Begin MonoManager ReloadAssembly
Native extension for LinuxStandalone target not found
Refreshing native plugins compatible for Editor in 0,66 ms, found 0 plugins.
Preloading 0 native plugins for Editor in 0,00 ms.
Warning: Annotation not found!
UnityEngine.StackTraceUtility:ExtractStackTrace () (at /home/bokken/buildslave/unity/build/Runtime/Export/Scripting/StackTrace.cs:37)
UnityEditor.ProBuilder.EditorUtility:SetGizmoIconEnabled (System.Type,bool) (at Library/PackageCache/com.unity.probuilder@5.0.1/Editor/EditorCore/EditorUtility.cs:575)
UnityEditor.ProBuilder.HierarchyListener:.cctor () (at Library/PackageCache/com.unity.probuilder@5.0.1/Editor/EditorCore/HierarchyListener.cs:21)
System.Runtime.CompilerServices.RuntimeHelpers:RunClassConstructor (System.RuntimeTypeHandle)
UnityEditor.EditorAssemblies:ProcessInitializeOnLoadAttributes (System.Type[]) (at /home/bokken/buildslave/unity/build/Editor/Mono/EditorAssemblies.cs:114)

[Library/PackageCache/com.unity.probuilder@5.0.1/Editor/EditorCore/EditorUtility.cs line 575]

Invoked RoslynAnalysisRunner static constructor.
RoslynAnalysisRunner will not be running.
RoslynAnalysisRunner has terminated.
Mono: successfully reloaded assembly
- Completed reload, in  1,391 seconds
Platform modules already initialized, skipping
Refreshing native plugins compatible for Editor in 0,85 ms, found 0 plugins.
Preloading 0 native plugins for Editor in 0,00 ms.
Unloading 1580 Unused Serialized files (Serialized files now loaded: 0)
System memory in use before: 73,9 MB.
System memory in use after: 73,9 MB.

Unloading 12 unused Assets to reduce memory usage. Loaded Objects now: 2074.
Total: 11,080760 ms (FindLiveObjects: 0,380112 ms CreateObjectMapping: 0,140183 ms MarkObjects: 10,348172 ms  DeleteObjects: 0,210005 ms)

========================================================================
Received Prepare
Registering precompiled user dll's ...
Registered in 0,001268 seconds.
Begin MonoManager ReloadAssembly
Native extension for LinuxStandalone target not found
Refreshing native plugins compatible for Editor in 0,47 ms, found 0 plugins.
Preloading 0 native plugins for Editor in 0,00 ms.
Warning: Annotation not found!
UnityEngine.StackTraceUtility:ExtractStackTrace () (at /home/bokken/buildslave/unity/build/Runtime/Export/Scripting/StackTrace.cs:37)
UnityEditor.ProBuilder.EditorUtility:SetGizmoIconEnabled (System.Type,bool) (at Library/PackageCache/com.unity.probuilder@5.0.1/Editor/EditorCore/EditorUtility.cs:575)
UnityEditor.ProBuilder.HierarchyListener:.cctor () (at Library/PackageCache/com.unity.probuilder@5.0.1/Editor/EditorCore/HierarchyListener.cs:21)
System.Runtime.CompilerServices.RuntimeHelpers:RunClassConstructor (System.RuntimeTypeHandle)
UnityEditor.EditorAssemblies:ProcessInitializeOnLoadAttributes (System.Type[]) (at /home/bokken/buildslave/unity/build/Editor/Mono/EditorAssemblies.cs:114)

[Library/PackageCache/com.unity.probuilder@5.0.1/Editor/EditorCore/EditorUtility.cs line 575]

Invoked RoslynAnalysisRunner static constructor.
RoslynAnalysisRunner will not be running.
RoslynAnalysisRunner has terminated.
Mono: successfully reloaded assembly
- Completed reload, in  1,521 seconds
Platform modules already initialized, skipping
Refreshing native plugins compatible for Editor in 0,46 ms, found 0 plugins.
Preloading 0 native plugins for Editor in 0,00 ms.
Unloading 1580 Unused Serialized files (Serialized files now loaded: 0)
System memory in use before: 73,9 MB.
System memory in use after: 73,9 MB.

Unloading 7 unused Assets to reduce memory usage. Loaded Objects now: 2077.
Total: 4,053995 ms (FindLiveObjects: 0,224737 ms CreateObjectMapping: 0,071868 ms MarkObjects: 3,638154 ms  DeleteObjects: 0,117826 ms)

========================================================================
Received Prepare
Registering precompiled user dll's ...
Registered in 0,002109 seconds.
Begin MonoManager ReloadAssembly
Native extension for LinuxStandalone target not found
Refreshing native plugins compatible for Editor in 0,74 ms, found 0 plugins.
Preloading 0 native plugins for Editor in 0,00 ms.
Warning: Annotation not found!
UnityEngine.StackTraceUtility:ExtractStackTrace () (at /home/bokken/buildslave/unity/build/Runtime/Export/Scripting/StackTrace.cs:37)
UnityEditor.ProBuilder.EditorUtility:SetGizmoIconEnabled (System.Type,bool) (at Library/PackageCache/com.unity.probuilder@5.0.1/Editor/EditorCore/EditorUtility.cs:575)
UnityEditor.ProBuilder.HierarchyListener:.cctor () (at Library/PackageCache/com.unity.probuilder@5.0.1/Editor/EditorCore/HierarchyListener.cs:21)
System.Runtime.CompilerServices.RuntimeHelpers:RunClassConstructor (System.RuntimeTypeHandle)
UnityEditor.EditorAssemblies:ProcessInitializeOnLoadAttributes (System.Type[]) (at /home/bokken/buildslave/unity/build/Editor/Mono/EditorAssemblies.cs:114)

[Library/PackageCache/com.unity.probuilder@5.0.1/Editor/EditorCore/EditorUtility.cs line 575]

Invoked RoslynAnalysisRunner static constructor.
RoslynAnalysisRunner will not be running.
RoslynAnalysisRunner has terminated.
Mono: successfully reloaded assembly
- Completed reload, in  1,122 seconds
Platform modules already initialized, skipping
Refreshing native plugins compatible for Editor in 0,53 ms, found 0 plugins.
Preloading 0 native plugins for Editor in 0,00 ms.
Unloading 1580 Unused Serialized files (Serialized files now loaded: 0)
System memory in use before: 73,9 MB.
System memory in use after: 74,0 MB.

Unloading 7 unused Assets to reduce memory usage. Loaded Objects now: 2080.
Total: 11,265529 ms (FindLiveObjects: 0,342076 ms CreateObjectMapping: 0,108456 ms MarkObjects: 10,680724 ms  DeleteObjects: 0,132053 ms)

========================================================================
Received Prepare
Registering precompiled user dll's ...
Registered in 0,002585 seconds.
Begin MonoManager ReloadAssembly
Native extension for LinuxStandalone target not found
Refreshing native plugins compatible for Editor in 0,55 ms, found 0 plugins.
Preloading 0 native plugins for Editor in 0,00 ms.
Warning: Annotation not found!
UnityEngine.StackTraceUtility:ExtractStackTrace () (at /home/bokken/buildslave/unity/build/Runtime/Export/Scripting/StackTrace.cs:37)
UnityEditor.ProBuilder.EditorUtility:SetGizmoIconEnabled (System.Type,bool) (at Library/PackageCache/com.unity.probuilder@5.0.1/Editor/EditorCore/EditorUtility.cs:575)
UnityEditor.ProBuilder.HierarchyListener:.cctor () (at Library/PackageCache/com.unity.probuilder@5.0.1/Editor/EditorCore/HierarchyListener.cs:21)
System.Runtime.CompilerServices.RuntimeHelpers:RunClassConstructor (System.RuntimeTypeHandle)
UnityEditor.EditorAssemblies:ProcessInitializeOnLoadAttributes (System.Type[]) (at /home/bokken/buildslave/unity/build/Editor/Mono/EditorAssemblies.cs:114)

[Library/PackageCache/com.unity.probuilder@5.0.1/Editor/EditorCore/EditorUtility.cs line 575]

Invoked RoslynAnalysisRunner static constructor.
RoslynAnalysisRunner will not be running.
RoslynAnalysisRunner has terminated.
Mono: successfully reloaded assembly
- Completed reload, in  1,380 seconds
Platform modules already initialized, skipping
Refreshing native plugins compatible for Editor in 0,47 ms, found 0 plugins.
Preloading 0 native plugins for Editor in 0,00 ms.
Unloading 1580 Unused Serialized files (Serialized files now loaded: 0)
System memory in use before: 73,9 MB.
System memory in use after: 74,0 MB.

Unloading 7 unused Assets to reduce memory usage. Loaded Objects now: 2083.
Total: 9,500040 ms (FindLiveObjects: 0,473228 ms CreateObjectMapping: 0,158423 ms MarkObjects: 8,143003 ms  DeleteObjects: 0,720428 ms)

========================================================================
Received Import Request.
  Time since last request: 1490,687051 seconds.
  path: Assets/Prefabs/plate.prefab
  artifactKey: Guid(b15a088354b900d4bb87b68eebb9f899) Importer(815301076,1909f56bfc062723c751e8b465ee728b)
Start importing Assets/Prefabs/plate.prefab using Guid(b15a088354b900d4bb87b68eebb9f899) Importer(815301076,1909f56bfc062723c751e8b465ee728b)  -> (artifact id: 'e28483737e5cbcc2cc1c8234e125b87e') in 0,103199 seconds
  Import took 0,107708 seconds .

========================================================================
Received Import Request.
  Time since last request: 0,000236 seconds.
  path: Assets/Prefabs/stanza 7.prefab
  artifactKey: Guid(63e6e9f1fdcd248409035fd476e7401c) Importer(815301076,1909f56bfc062723c751e8b465ee728b)
Start importing Assets/Prefabs/stanza 7.prefab using Guid(63e6e9f1fdcd248409035fd476e7401c) Importer(815301076,1909f56bfc062723c751e8b465ee728b)  -> (artifact id: 'a5c5c70668ce12cb8510470adb65be8c') in 0,127618 seconds
  Import took 0,140291 seconds .

========================================================================
Received Import Request.
  Time since last request: 0,000371 seconds.
  path: Assets/Prefabs/Rotating_Platform.prefab
  artifactKey: Guid(92f4d65e8f3d444379041f415a8f5238) Importer(815301076,1909f56bfc062723c751e8b465ee728b)
Start importing Assets/Prefabs/Rotating_Platform.prefab using Guid(92f4d65e8f3d444379041f415a8f5238) Importer(815301076,1909f56bfc062723c751e8b465ee728b)  -> (artifact id: 'cc40ab2244619a7272c389b151d9226c') in 0,021118 seconds
  Import took 0,027056 seconds .

========================================================================
Received Import Request.
  Time since last request: 0,000221 seconds.
  path: Assets/Prefabs/stanza 7 1.prefab
  artifactKey: Guid(acdb3b49a102e9d4996109d6eed47d69) Importer(815301076,1909f56bfc062723c751e8b465ee728b)
Start importing Assets/Prefabs/stanza 7 1.prefab using Guid(acdb3b49a102e9d4996109d6eed47d69) Importer(815301076,1909f56bfc062723c751e8b465ee728b)  -> (artifact id: 'fb3c5c908d06472ad53b62e283a77fec') in 0,109158 seconds
  Import took 0,120434 seconds .

========================================================================
Received Import Request.
  Time since last request: 17,971973 seconds.
  path: Assets/Prefabs/stanza 7.prefab
  artifactKey: Guid(acdb3b49a102e9d4996109d6eed47d69) Importer(815301076,1909f56bfc062723c751e8b465ee728b)
Start importing Assets/Prefabs/stanza 7.prefab using Guid(acdb3b49a102e9d4996109d6eed47d69) Importer(815301076,1909f56bfc062723c751e8b465ee728b)  -> (artifact id: '8ee007a21afbdcb5817432b1a3b5494f') in 0,135279 seconds
  Import took 0,146422 seconds .

========================================================================
Received Import Request.
  Time since last request: 0,004275 seconds.
  path: Assets/Prefabs/stanza 7.prefab
  artifactKey: Guid(acdb3b49a102e9d4996109d6eed47d69) Importer(815301076,1909f56bfc062723c751e8b465ee728b)
Start importing Assets/Prefabs/stanza 7.prefab using Guid(acdb3b49a102e9d4996109d6eed47d69) Importer(815301076,1909f56bfc062723c751e8b465ee728b)  -> (artifact id: '8ee007a21afbdcb5817432b1a3b5494f') in 0,163409 seconds
  Import took 0,176410 seconds .

========================================================================
Received Prepare
Registering precompiled user dll's ...
Registered in 0,001755 seconds.
Begin MonoManager ReloadAssembly
Native extension for LinuxStandalone target not found
Refreshing native plugins compatible for Editor in 0,85 ms, found 0 plugins.
Preloading 0 native plugins for Editor in 0,00 ms.
Warning: Annotation not found!
UnityEngine.StackTraceUtility:ExtractStackTrace () (at /home/bokken/buildslave/unity/build/Runtime/Export/Scripting/StackTrace.cs:37)
UnityEditor.ProBuilder.EditorUtility:SetGizmoIconEnabled (System.Type,bool) (at Library/PackageCache/com.unity.probuilder@5.0.1/Editor/EditorCore/EditorUtility.cs:575)
UnityEditor.ProBuilder.HierarchyListener:.cctor () (at Library/PackageCache/com.unity.probuilder@5.0.1/Editor/EditorCore/HierarchyListener.cs:21)
System.Runtime.CompilerServices.RuntimeHelpers:RunClassConstructor (System.RuntimeTypeHandle)
UnityEditor.EditorAssemblies:ProcessInitializeOnLoadAttributes (System.Type[]) (at /home/bokken/buildslave/unity/build/Editor/Mono/EditorAssemblies.cs:114)

[Library/PackageCache/com.unity.probuilder@5.0.1/Editor/EditorCore/EditorUtility.cs line 575]

Invoked RoslynAnalysisRunner static constructor.
RoslynAnalysisRunner will not be running.
RoslynAnalysisRunner has terminated.
Mono: successfully reloaded assembly
- Completed reload, in  1,649 seconds
Platform modules already initialized, skipping
Refreshing native plugins compatible for Editor in 1,00 ms, found 0 plugins.
Preloading 0 native plugins for Editor in 0,00 ms.
Unloading 1580 Unused Serialized files (Serialized files now loaded: 0)
System memory in use before: 74,3 MB.
System memory in use after: 74,3 MB.

Unloading 7 unused Assets to reduce memory usage. Loaded Objects now: 2087.
Total: 9,511420 ms (FindLiveObjects: 0,296034 ms CreateObjectMapping: 0,106888 ms MarkObjects: 8,881010 ms  DeleteObjects: 0,223475 ms)

========================================================================
Received Prepare
Registering precompiled user dll's ...
Registered in 0,001303 seconds.
Begin MonoManager ReloadAssembly
Native extension for LinuxStandalone target not found
Refreshing native plugins compatible for Editor in 0,78 ms, found 0 plugins.
Preloading 0 native plugins for Editor in 0,00 ms.
Warning: Annotation not found!
UnityEngine.StackTraceUtility:ExtractStackTrace () (at /home/bokken/buildslave/unity/build/Runtime/Export/Scripting/StackTrace.cs:37)
UnityEditor.ProBuilder.EditorUtility:SetGizmoIconEnabled (System.Type,bool) (at Library/PackageCache/com.unity.probuilder@5.0.1/Editor/EditorCore/EditorUtility.cs:575)
UnityEditor.ProBuilder.HierarchyListener:.cctor () (at Library/PackageCache/com.unity.probuilder@5.0.1/Editor/EditorCore/HierarchyListener.cs:21)
System.Runtime.CompilerServices.RuntimeHelpers:RunClassConstructor (System.RuntimeTypeHandle)
UnityEditor.EditorAssemblies:ProcessInitializeOnLoadAttributes (System.Type[]) (at /home/bokken/buildslave/unity/build/Editor/Mono/EditorAssemblies.cs:114)

[Library/PackageCache/com.unity.probuilder@5.0.1/Editor/EditorCore/EditorUtility.cs line 575]

Invoked RoslynAnalysisRunner static constructor.
RoslynAnalysisRunner will not be running.
RoslynAnalysisRunner has terminated.
Mono: successfully reloaded assembly
- Completed reload, in  1,438 seconds
Platform modules already initialized, skipping
Refreshing native plugins compatible for Editor in 0,57 ms, found 0 plugins.
Preloading 0 native plugins for Editor in 0,00 ms.
Unloading 1580 Unused Serialized files (Serialized files now loaded: 0)
System memory in use before: 74,3 MB.
System memory in use after: 74,3 MB.

Unloading 7 unused Assets to reduce memory usage. Loaded Objects now: 2090.
Total: 7,829942 ms (FindLiveObjects: 0,577599 ms CreateObjectMapping: 0,145773 ms MarkObjects: 6,861405 ms  DeleteObjects: 0,243126 ms)

========================================================================
Received Prepare
Registering precompiled user dll's ...
Registered in 0,001245 seconds.
Begin MonoManager ReloadAssembly
Native extension for LinuxStandalone target not found
Refreshing native plugins compatible for Editor in 0,77 ms, found 0 plugins.
Preloading 0 native plugins for Editor in 0,00 ms.
Warning: Annotation not found!
UnityEngine.StackTraceUtility:ExtractStackTrace () (at /home/bokken/buildslave/unity/build/Runtime/Export/Scripting/StackTrace.cs:37)
UnityEditor.ProBuilder.EditorUtility:SetGizmoIconEnabled (System.Type,bool) (at Library/PackageCache/com.unity.probuilder@5.0.1/Editor/EditorCore/EditorUtility.cs:575)
UnityEditor.ProBuilder.HierarchyListener:.cctor () (at Library/PackageCache/com.unity.probuilder@5.0.1/Editor/EditorCore/HierarchyListener.cs:21)
System.Runtime.CompilerServices.RuntimeHelpers:RunClassConstructor (System.RuntimeTypeHandle)
UnityEditor.EditorAssemblies:ProcessInitializeOnLoadAttributes (System.Type[]) (at /home/bokken/buildslave/unity/build/Editor/Mono/EditorAssemblies.cs:114)

[Library/PackageCache/com.unity.probuilder@5.0.1/Editor/EditorCore/EditorUtility.cs line 575]

Invoked RoslynAnalysisRunner static constructor.
RoslynAnalysisRunner will not be running.
RoslynAnalysisRunner has terminated.
Mono: successfully reloaded assembly
- Completed reload, in  1,315 seconds
Platform modules already initialized, skipping
Refreshing native plugins compatible for Editor in 0,77 ms, found 0 plugins.
Preloading 0 native plugins for Editor in 0,00 ms.
Unloading 1580 Unused Serialized files (Serialized files now loaded: 0)
System memory in use before: 74,3 MB.
System memory in use after: 74,3 MB.

Unloading 7 unused Assets to reduce memory usage. Loaded Objects now: 2093.
Total: 5,061854 ms (FindLiveObjects: 0,353694 ms CreateObjectMapping: 0,114683 ms MarkObjects: 4,456377 ms  DeleteObjects: 0,134810 ms)

========================================================================
Received Prepare
Registering precompiled user dll's ...
Registered in 0,001794 seconds.
Begin MonoManager ReloadAssembly
Native extension for LinuxStandalone target not found
Refreshing native plugins compatible for Editor in 0,50 ms, found 0 plugins.
Preloading 0 native plugins for Editor in 0,00 ms.
Warning: Annotation not found!
UnityEngine.StackTraceUtility:ExtractStackTrace () (at /home/bokken/buildslave/unity/build/Runtime/Export/Scripting/StackTrace.cs:37)
UnityEditor.ProBuilder.EditorUtility:SetGizmoIconEnabled (System.Type,bool) (at Library/PackageCache/com.unity.probuilder@5.0.1/Editor/EditorCore/EditorUtility.cs:575)
UnityEditor.ProBuilder.HierarchyListener:.cctor () (at Library/PackageCache/com.unity.probuilder@5.0.1/Editor/EditorCore/HierarchyListener.cs:21)
System.Runtime.CompilerServices.RuntimeHelpers:RunClassConstructor (System.RuntimeTypeHandle)
UnityEditor.EditorAssemblies:ProcessInitializeOnLoadAttributes (System.Type[]) (at /home/bokken/buildslave/unity/build/Editor/Mono/EditorAssemblies.cs:114)

[Library/PackageCache/com.unity.probuilder@5.0.1/Editor/EditorCore/EditorUtility.cs line 575]

Invoked RoslynAnalysisRunner static constructor.
RoslynAnalysisRunner will not be running.
RoslynAnalysisRunner has terminated.
Mono: successfully reloaded assembly
- Completed reload, in  1,338 seconds
Platform modules already initialized, skipping
Refreshing native plugins compatible for Editor in 0,57 ms, found 0 plugins.
Preloading 0 native plugins for Editor in 0,00 ms.
Unloading 1580 Unused Serialized files (Serialized files now loaded: 0)
System memory in use before: 74,3 MB.
System memory in use after: 74,4 MB.

Unloading 7 unused Assets to reduce memory usage. Loaded Objects now: 2096.
Total: 4,696602 ms (FindLiveObjects: 0,240991 ms CreateObjectMapping: 0,092135 ms MarkObjects: 4,234817 ms  DeleteObjects: 0,126756 ms)

========================================================================
Received Prepare
Registering precompiled user dll's ...
Registered in 0,001797 seconds.
Begin MonoManager ReloadAssembly
Native extension for LinuxStandalone target not found
Refreshing native plugins compatible for Editor in 0,67 ms, found 0 plugins.
Preloading 0 native plugins for Editor in 0,00 ms.
Warning: Annotation not found!
UnityEngine.StackTraceUtility:ExtractStackTrace () (at /home/bokken/buildslave/unity/build/Runtime/Export/Scripting/StackTrace.cs:37)
UnityEditor.ProBuilder.EditorUtility:SetGizmoIconEnabled (System.Type,bool) (at Library/PackageCache/com.unity.probuilder@5.0.1/Editor/EditorCore/EditorUtility.cs:575)
UnityEditor.ProBuilder.HierarchyListener:.cctor () (at Library/PackageCache/com.unity.probuilder@5.0.1/Editor/EditorCore/HierarchyListener.cs:21)
System.Runtime.CompilerServices.RuntimeHelpers:RunClassConstructor (System.RuntimeTypeHandle)
UnityEditor.EditorAssemblies:ProcessInitializeOnLoadAttributes (System.Type[]) (at /home/bokken/buildslave/unity/build/Editor/Mono/EditorAssemblies.cs:114)

[Library/PackageCache/com.unity.probuilder@5.0.1/Editor/EditorCore/EditorUtility.cs line 575]

Invoked RoslynAnalysisRunner static constructor.
RoslynAnalysisRunner will not be running.
RoslynAnalysisRunner has terminated.
Mono: successfully reloaded assembly
- Completed reload, in  1,346 seconds
Platform modules already initialized, skipping
Refreshing native plugins compatible for Editor in 0,75 ms, found 0 plugins.
Preloading 0 native plugins for Editor in 0,00 ms.
Unloading 1580 Unused Serialized files (Serialized files now loaded: 0)
System memory in use before: 74,3 MB.
System memory in use after: 74,4 MB.

Unloading 7 unused Assets to reduce memory usage. Loaded Objects now: 2099.
Total: 6,598647 ms (FindLiveObjects: 0,387714 ms CreateObjectMapping: 0,156396 ms MarkObjects: 5,844395 ms  DeleteObjects: 0,207589 ms)

========================================================================
Received Import Request.
  Time since last request: 1640,622543 seconds.
  path: Assets/Prefabs/stanza 7.prefab
  artifactKey: Guid(acdb3b49a102e9d4996109d6eed47d69) Importer(815301076,1909f56bfc062723c751e8b465ee728b)
Start importing Assets/Prefabs/stanza 7.prefab using Guid(acdb3b49a102e9d4996109d6eed47d69) Importer(815301076,1909f56bfc062723c751e8b465ee728b)  -> (artifact id: '6761f954f07e515c5552f64a4cb0a459') in 0,362381 seconds
  Import took 0,390207 seconds .

========================================================================
Received Import Request.
  Time since last request: 10,601983 seconds.
  path: Assets/Prefabs/stanza 7.prefab
  artifactKey: Guid(acdb3b49a102e9d4996109d6eed47d69) Importer(815301076,1909f56bfc062723c751e8b465ee728b)
Start importing Assets/Prefabs/stanza 7.prefab using Guid(acdb3b49a102e9d4996109d6eed47d69) Importer(815301076,1909f56bfc062723c751e8b465ee728b)  -> (artifact id: 'b158ae9bc43531f751b19db194c63887') in 0,125709 seconds
  Import took 0,139753 seconds .

========================================================================
Received Import Request.
  Time since last request: 13,612147 seconds.
  path: Assets/Prefabs/stanza 7.prefab
  artifactKey: Guid(acdb3b49a102e9d4996109d6eed47d69) Importer(815301076,1909f56bfc062723c751e8b465ee728b)
Start importing Assets/Prefabs/stanza 7.prefab using Guid(acdb3b49a102e9d4996109d6eed47d69) Importer(815301076,1909f56bfc062723c751e8b465ee728b)  -> (artifact id: 'c3ec8ede4dca75dfda09feafa2e69f43') in 0,100872 seconds
  Import took 0,114894 seconds .

========================================================================
Received Import Request.
  Time since last request: 22,265605 seconds.
  path: Assets/Prefabs/stanza 7.prefab
  artifactKey: Guid(acdb3b49a102e9d4996109d6eed47d69) Importer(815301076,1909f56bfc062723c751e8b465ee728b)
Start importing Assets/Prefabs/stanza 7.prefab using Guid(acdb3b49a102e9d4996109d6eed47d69) Importer(815301076,1909f56bfc062723c751e8b465ee728b)  -> (artifact id: 'f912ddff9ea646d161472e4453db1018') in 0,124729 seconds
  Import took 0,133768 seconds .

========================================================================
Received Import Request.
  Time since last request: 4,365928 seconds.
  path: Assets/Prefabs/stanza 7.prefab
  artifactKey: Guid(acdb3b49a102e9d4996109d6eed47d69) Importer(815301076,1909f56bfc062723c751e8b465ee728b)
Start importing Assets/Prefabs/stanza 7.prefab using Guid(acdb3b49a102e9d4996109d6eed47d69) Importer(815301076,1909f56bfc062723c751e8b465ee728b)  -> (artifact id: '45185c554b7be35b239376460cb5bb23') in 0,110234 seconds
  Import took 0,122629 seconds .

========================================================================
Received Import Request.
  Time since last request: 11,680741 seconds.
  path: Assets/Prefabs/stanza 7.prefab
  artifactKey: Guid(acdb3b49a102e9d4996109d6eed47d69) Importer(815301076,1909f56bfc062723c751e8b465ee728b)
Start importing Assets/Prefabs/stanza 7.prefab using Guid(acdb3b49a102e9d4996109d6eed47d69) Importer(815301076,1909f56bfc062723c751e8b465ee728b)  -> (artifact id: 'a18f8c68aca928fda1c8440251fde7cc') in 0,117581 seconds
  Import took 0,127782 seconds .

========================================================================
Received Import Request.
  Time since last request: 19,088121 seconds.
  path: Assets/Prefabs/stanza 7.prefab
  artifactKey: Guid(acdb3b49a102e9d4996109d6eed47d69) Importer(815301076,1909f56bfc062723c751e8b465ee728b)
Start importing Assets/Prefabs/stanza 7.prefab using Guid(acdb3b49a102e9d4996109d6eed47d69) Importer(815301076,1909f56bfc062723c751e8b465ee728b)  -> (artifact id: 'a119069a40b4e6723070b43f9cb3e96f') in 0,092634 seconds
  Import took 0,105710 seconds .

========================================================================
Received Prepare
Registering precompiled user dll's ...
Registered in 0,001849 seconds.
Begin MonoManager ReloadAssembly
Native extension for LinuxStandalone target not found
Refreshing native plugins compatible for Editor in 0,77 ms, found 0 plugins.
Preloading 0 native plugins for Editor in 0,00 ms.
Warning: Annotation not found!
UnityEngine.StackTraceUtility:ExtractStackTrace () (at /home/bokken/buildslave/unity/build/Runtime/Export/Scripting/StackTrace.cs:37)
UnityEditor.ProBuilder.EditorUtility:SetGizmoIconEnabled (System.Type,bool) (at Library/PackageCache/com.unity.probuilder@5.0.1/Editor/EditorCore/EditorUtility.cs:575)
UnityEditor.ProBuilder.HierarchyListener:.cctor () (at Library/PackageCache/com.unity.probuilder@5.0.1/Editor/EditorCore/HierarchyListener.cs:21)
System.Runtime.CompilerServices.RuntimeHelpers:RunClassConstructor (System.RuntimeTypeHandle)
UnityEditor.EditorAssemblies:ProcessInitializeOnLoadAttributes (System.Type[]) (at /home/bokken/buildslave/unity/build/Editor/Mono/EditorAssemblies.cs:114)

[Library/PackageCache/com.unity.probuilder@5.0.1/Editor/EditorCore/EditorUtility.cs line 575]

Invoked RoslynAnalysisRunner static constructor.
RoslynAnalysisRunner will not be running.
RoslynAnalysisRunner has terminated.
Mono: successfully reloaded assembly
- Completed reload, in  1,412 seconds
Platform modules already initialized, skipping
Refreshing native plugins compatible for Editor in 0,57 ms, found 0 plugins.
Preloading 0 native plugins for Editor in 0,00 ms.
Unloading 1580 Unused Serialized files (Serialized files now loaded: 0)
System memory in use before: 74,7 MB.
System memory in use after: 74,8 MB.

Unloading 7 unused Assets to reduce memory usage. Loaded Objects now: 2103.
Total: 5,549412 ms (FindLiveObjects: 0,227046 ms CreateObjectMapping: 0,078064 ms MarkObjects: 5,061801 ms  DeleteObjects: 0,179788 ms)

========================================================================
Received Import Request.
  Time since last request: 413,486967 seconds.
  path: Assets/Prefabs/stanza 7.prefab
  artifactKey: Guid(acdb3b49a102e9d4996109d6eed47d69) Importer(815301076,1909f56bfc062723c751e8b465ee728b)
Start importing Assets/Prefabs/stanza 7.prefab using Guid(acdb3b49a102e9d4996109d6eed47d69) Importer(815301076,1909f56bfc062723c751e8b465ee728b)  -> (artifact id: '654204868f120849dfa81fe5b1f49a40') in 0,157285 seconds
  Import took 0,165953 seconds .

========================================================================
Received Import Request.
  Time since last request: 2,411135 seconds.
  path: Assets/Prefabs/stanza 7.prefab
  artifactKey: Guid(acdb3b49a102e9d4996109d6eed47d69) Importer(815301076,1909f56bfc062723c751e8b465ee728b)
Start importing Assets/Prefabs/stanza 7.prefab using Guid(acdb3b49a102e9d4996109d6eed47d69) Importer(815301076,1909f56bfc062723c751e8b465ee728b)  -> (artifact id: '93bf2c159eb4d7d3fd39f3fc0a778203') in 0,111085 seconds
  Import took 0,125269 seconds .

========================================================================
Received Import Request.
  Time since last request: 15,383379 seconds.
  path: Assets/Prefabs/stanza 7.prefab
  artifactKey: Guid(acdb3b49a102e9d4996109d6eed47d69) Importer(815301076,1909f56bfc062723c751e8b465ee728b)
Start importing Assets/Prefabs/stanza 7.prefab using Guid(acdb3b49a102e9d4996109d6eed47d69) Importer(815301076,1909f56bfc062723c751e8b465ee728b)  -> (artifact id: 'fee63ece4adad3a464f8eaab0a417782') in 0,100605 seconds
  Import took 0,114528 seconds .

========================================================================
Received Prepare
Registering precompiled user dll's ...
Registered in 0,001750 seconds.
Begin MonoManager ReloadAssembly
Native extension for LinuxStandalone target not found
Refreshing native plugins compatible for Editor in 0,49 ms, found 0 plugins.
Preloading 0 native plugins for Editor in 0,00 ms.
Warning: Annotation not found!
UnityEngine.StackTraceUtility:ExtractStackTrace () (at /home/bokken/buildslave/unity/build/Runtime/Export/Scripting/StackTrace.cs:37)
UnityEditor.ProBuilder.EditorUtility:SetGizmoIconEnabled (System.Type,bool) (at Library/PackageCache/com.unity.probuilder@5.0.1/Editor/EditorCore/EditorUtility.cs:575)
UnityEditor.ProBuilder.HierarchyListener:.cctor () (at Library/PackageCache/com.unity.probuilder@5.0.1/Editor/EditorCore/HierarchyListener.cs:21)
System.Runtime.CompilerServices.RuntimeHelpers:RunClassConstructor (System.RuntimeTypeHandle)
UnityEditor.EditorAssemblies:ProcessInitializeOnLoadAttributes (System.Type[]) (at /home/bokken/buildslave/unity/build/Editor/Mono/EditorAssemblies.cs:114)

[Library/PackageCache/com.unity.probuilder@5.0.1/Editor/EditorCore/EditorUtility.cs line 575]

Invoked RoslynAnalysisRunner static constructor.
RoslynAnalysisRunner will not be running.
RoslynAnalysisRunner has terminated.
Mono: successfully reloaded assembly
- Completed reload, in  1,558 seconds
Platform modules already initialized, skipping
Refreshing native plugins compatible for Editor in 0,47 ms, found 0 plugins.
Preloading 0 native plugins for Editor in 0,00 ms.
Unloading 1580 Unused Serialized files (Serialized files now loaded: 0)
System memory in use before: 74,8 MB.
System memory in use after: 74,9 MB.

Unloading 7 unused Assets to reduce memory usage. Loaded Objects now: 2107.
Total: 5,651066 ms (FindLiveObjects: 0,253910 ms CreateObjectMapping: 0,091112 ms MarkObjects: 5,102490 ms  DeleteObjects: 0,201572 ms)

========================================================================
Received Import Request.
  Time since last request: 114,876805 seconds.
  path: Assets/Prefabs/stanza 7.prefab
  artifactKey: Guid(acdb3b49a102e9d4996109d6eed47d69) Importer(815301076,1909f56bfc062723c751e8b465ee728b)
Start importing Assets/Prefabs/stanza 7.prefab using Guid(acdb3b49a102e9d4996109d6eed47d69) Importer(815301076,1909f56bfc062723c751e8b465ee728b)  -> (artifact id: '375cb413f3ee47b7702b889a85862d9e') in 0,194740 seconds
  Import took 0,207487 seconds .

========================================================================
Received Import Request.
  Time since last request: 0,626954 seconds.
  path: Assets/Prefabs/stanza 7.prefab
  artifactKey: Guid(acdb3b49a102e9d4996109d6eed47d69) Importer(815301076,1909f56bfc062723c751e8b465ee728b)
Start importing Assets/Prefabs/stanza 7.prefab using Guid(acdb3b49a102e9d4996109d6eed47d69) Importer(815301076,1909f56bfc062723c751e8b465ee728b)  -> (artifact id: '082c8e15a572d7ab2c6cff51ab556cf5') in 0,096332 seconds
  Import took 0,106934 seconds .

========================================================================
Received Prepare
Registering precompiled user dll's ...
Registered in 0,001358 seconds.
Begin MonoManager ReloadAssembly
Native extension for LinuxStandalone target not found
Refreshing native plugins compatible for Editor in 6,37 ms, found 0 plugins.
Preloading 0 native plugins for Editor in 0,00 ms.
Warning: Annotation not found!
UnityEngine.StackTraceUtility:ExtractStackTrace () (at /home/bokken/buildslave/unity/build/Runtime/Export/Scripting/StackTrace.cs:37)
UnityEditor.ProBuilder.EditorUtility:SetGizmoIconEnabled (System.Type,bool) (at Library/PackageCache/com.unity.probuilder@5.0.1/Editor/EditorCore/EditorUtility.cs:575)
UnityEditor.ProBuilder.HierarchyListener:.cctor () (at Library/PackageCache/com.unity.probuilder@5.0.1/Editor/EditorCore/HierarchyListener.cs:21)
System.Runtime.CompilerServices.RuntimeHelpers:RunClassConstructor (System.RuntimeTypeHandle)
UnityEditor.EditorAssemblies:ProcessInitializeOnLoadAttributes (System.Type[]) (at /home/bokken/buildslave/unity/build/Editor/Mono/EditorAssemblies.cs:114)

[Library/PackageCache/com.unity.probuilder@5.0.1/Editor/EditorCore/EditorUtility.cs line 575]

Invoked RoslynAnalysisRunner static constructor.
RoslynAnalysisRunner will not be running.
RoslynAnalysisRunner has terminated.
Mono: successfully reloaded assembly
- Completed reload, in  1,251 seconds
Platform modules already initialized, skipping
Refreshing native plugins compatible for Editor in 0,48 ms, found 0 plugins.
Preloading 0 native plugins for Editor in 0,00 ms.
Unloading 1580 Unused Serialized files (Serialized files now loaded: 0)
System memory in use before: 75,6 MB.
System memory in use after: 75,7 MB.

Unloading 7 unused Assets to reduce memory usage. Loaded Objects now: 2111.
Total: 8,070339 ms (FindLiveObjects: 0,440345 ms CreateObjectMapping: 0,147041 ms MarkObjects: 7,318557 ms  DeleteObjects: 0,161320 ms)

========================================================================
Received Import Request.
  Time since last request: 4172,830707 seconds.
  path: Assets/Prefabs/stanza 7.prefab
  artifactKey: Guid(acdb3b49a102e9d4996109d6eed47d69) Importer(815301076,1909f56bfc062723c751e8b465ee728b)
Start importing Assets/Prefabs/stanza 7.prefab using Guid(acdb3b49a102e9d4996109d6eed47d69) Importer(815301076,1909f56bfc062723c751e8b465ee728b)  -> (artifact id: '54c5a6a5b04c2f4f1a36ec18deb8b4c2') in 0,222056 seconds
  Import took 0,232519 seconds .

========================================================================
Received Prepare
Registering precompiled user dll's ...
Registered in 0,001460 seconds.
Begin MonoManager ReloadAssembly
Native extension for LinuxStandalone target not found
Refreshing native plugins compatible for Editor in 0,64 ms, found 0 plugins.
Preloading 0 native plugins for Editor in 0,00 ms.
Warning: Annotation not found!
UnityEngine.StackTraceUtility:ExtractStackTrace () (at /home/bokken/buildslave/unity/build/Runtime/Export/Scripting/StackTrace.cs:37)
UnityEditor.ProBuilder.EditorUtility:SetGizmoIconEnabled (System.Type,bool) (at Library/PackageCache/com.unity.probuilder@5.0.1/Editor/EditorCore/EditorUtility.cs:575)
UnityEditor.ProBuilder.HierarchyListener:.cctor () (at Library/PackageCache/com.unity.probuilder@5.0.1/Editor/EditorCore/HierarchyListener.cs:21)
System.Runtime.CompilerServices.RuntimeHelpers:RunClassConstructor (System.RuntimeTypeHandle)
UnityEditor.EditorAssemblies:ProcessInitializeOnLoadAttributes (System.Type[]) (at /home/bokken/buildslave/unity/build/Editor/Mono/EditorAssemblies.cs:114)

[Library/PackageCache/com.unity.probuilder@5.0.1/Editor/EditorCore/EditorUtility.cs line 575]

Invoked RoslynAnalysisRunner static constructor.
RoslynAnalysisRunner will not be running.
RoslynAnalysisRunner has terminated.
Mono: successfully reloaded assembly
- Completed reload, in  1,203 seconds
Platform modules already initialized, skipping
Refreshing native plugins compatible for Editor in 0,59 ms, found 0 plugins.
Preloading 0 native plugins for Editor in 0,00 ms.
Unloading 1580 Unused Serialized files (Serialized files now loaded: 0)
System memory in use before: 75,6 MB.
System memory in use after: 75,7 MB.

Unloading 7 unused Assets to reduce memory usage. Loaded Objects now: 2115.
Total: 4,483011 ms (FindLiveObjects: 0,227943 ms CreateObjectMapping: 0,082807 ms MarkObjects: 4,007099 ms  DeleteObjects: 0,163225 ms)

